This is pdfTeX, Version 3.14159265-2.6-1.40.18 (TeX Live 2017) (preloaded format=pdflatex 2018.1.13)  13 JAN 2018 13:40
entering extended mode
 restricted \write18 enabled.
 %&-line parsing enabled.
**AABase.tex
(./AABase.tex
LaTeX2e <2017-04-15>
Babel <3.10> and hyphenation patterns for 22 language(s) loaded.
(/usr/local/texlive/2017basic/texmf-dist/tex/latex/memoir/memoir.cls
Document Class: memoir 2016/05/16 v3.7f configurable book, report, article docu
ment class
\onelineskip=\skip41
\lxvchars=\skip42
\xlvchars=\skip43
\@memcnta=\count79
\c@@memmarkcntra=\count80
(/usr/local/texlive/2017basic/texmf-dist/tex/generic/oberdiek/ifpdf.sty
Package: ifpdf 2017/03/15 v3.2 Provides the ifpdf switch
)
Class memoir Info: An `ifetex' package is being emulated on input line 269.

(/usr/local/texlive/2017basic/texmf-dist/tex/generic/ifxetex/ifxetex.sty
Package: ifxetex 2010/09/12 v0.6 Provides ifxetex conditional
)
(/usr/local/texlive/2017basic/texmf-dist/tex/generic/oberdiek/ifluatex.sty
Package: ifluatex 2016/05/16 v1.4 Provides the ifluatex switch (HO)
Package ifluatex Info: LuaTeX not detected.
)
\stockheight=\skip44
\stockwidth=\skip45
\trimtop=\skip46
\trimedge=\skip47

(/usr/local/texlive/2017basic/texmf-dist/tex/latex/memoir/mem11.clo
File: mem11.clo 2008/01/30 v0.3 memoir class 11pt size option
)
\binding=\skip48
\spinemargin=\skip49
\foremargin=\skip50
\uppermargin=\skip51
\lowermargin=\skip52
\headdrop=\skip53
\normalrulethickness=\skip54
\mem@maxheadheight=\skip55
\mem@maxfootheight=\skip56
\headwidth=\skip57
\c@storedpagenumber=\count81
\memPD=\dimen102
\m@mabparskip=\skip58
\thanksmarkwidth=\skip59
\thanksmarksep=\skip60
\droptitle=\skip61
\c@book=\count82
\c@part=\count83
\c@chapter=\count84
\c@section=\count85
\c@subsection=\count86
\c@subsubsection=\count87
\c@paragraph=\count88
\c@subparagraph=\count89
\beforechapskip=\skip62
\midchapskip=\skip63
\afterchapskip=\skip64
\chapindent=\skip65
\bottomsectionskip=\skip66
\secindent=\skip67
\beforesecskip=\skip68
\aftersecskip=\skip69
\subsecindent=\skip70
\beforesubsecskip=\skip71
\aftersubsecskip=\skip72
\subsubsecindent=\skip73
\beforesubsubsecskip=\skip74
\aftersubsubsecskip=\skip75
\paraindent=\skip76
\beforeparaskip=\skip77
\afterparaskip=\skip78
\subparaindent=\skip79
\beforesubparaskip=\skip80
\aftersubparaskip=\skip81
\pfbreakskip=\skip82
\c@@ppsavesec=\count90
\c@@ppsaveapp=\count91
\ragrparindent=\dimen103
\everylistparindent=\dimen104
\parsepi=\skip83
\topsepi=\skip84
\itemsepi=\skip85
\parsepii=\skip86
\topsepii=\skip87
\topsepiii=\skip88
\itemsepii=\skip89
\itemsepiii=\skip90
\partopsepii=\skip91
\partopsepiii=\skip92
\m@msavetopsep=\skip93
\m@msavepartopsep=\skip94
\@enLab=\toks14
\abstitleskip=\skip95
\absleftindent=\skip96
\abs@leftindent=\dimen105
\absrightindent=\skip97
\absparindent=\skip98
\absparsep=\skip99
\c@vslineno=\count92
\c@poemline=\count93
\c@modulo@vs=\count94
\c@memfvsline=\count95
\vleftskip=\skip100
\vrightskip=\skip101
\stanzaskip=\skip102
\versewidth=\skip103
\vgap=\skip104
\vindent=\skip105
\vleftmargin=\dimen106
\c@verse=\count96
\c@chrsinstr=\count97
\beforepoemtitleskip=\skip106
\afterpoemtitleskip=\skip107
\c@poem=\count98
\beforePoemTitleskip=\skip108
\midPoemTitleskip=\skip109
\afterPoemTitleskip=\skip110
\col@sep=\dimen107
\extrarowheight=\dimen108
\NC@list=\toks15
\extratabsurround=\skip111
\backup@length=\skip112
\TX@col@width=\dimen109
\TX@old@table=\dimen110
\TX@old@col=\dimen111
\TX@target=\dimen112
\TX@delta=\dimen113
\TX@cols=\count99
\TX@ftn=\toks16
\heavyrulewidth=\dimen114
\lightrulewidth=\dimen115
\cmidrulewidth=\dimen116
\belowrulesep=\dimen117
\belowbottomsep=\dimen118
\aboverulesep=\dimen119
\abovetopsep=\dimen120
\cmidrulesep=\dimen121
\cmidrulekern=\dimen122
\defaultaddspace=\dimen123
\@cmidla=\count100
\@cmidlb=\count101
\@aboverulesep=\dimen124
\@belowrulesep=\dimen125
\@thisruleclass=\count102
\@lastruleclass=\count103
\@thisrulewidth=\dimen126
\ctableftskip=\skip113
\ctabrightskip=\skip114
\abovecolumnspenalty=\count104
\@linestogo=\count105
\@cellstogo=\count106
\@cellsincolumn=\count107
\crtok=\toks17
\@mincolumnwidth=\dimen127
\c@newflo@tctr=\count108
\mem@margin@floatbox=\box26
\@contcwidth=\skip115
\@contindw=\skip116
\abovecaptionskip=\skip117
\belowcaptionskip=\skip118
\subfloattopskip=\skip119
\subfloatcapskip=\skip120
\subfloatcaptopadj=\skip121
\subfloatbottomskip=\skip122
\subfloatlabelskip=\skip123
\subfloatcapmargin=\dimen128
\c@@contsubnum=\count109
\m@mscap@capbox=\box27
\m@mscap@fbox=\box28
\sidecapsep=\dimen129
\sidecapwidth=\dimen130
\m@m@tempdima=\dimen131
\m@mscapraise=\dimen132
\sidecapraise=\dimen133
\m@mscapmainwidth=\dimen134
\m@mscaplkern=\dimen135
\beforeepigraphskip=\skip124
\afterepigraphskip=\skip125
\epigraphwidth=\skip126
\epigraphrule=\skip127
LaTeX Info: Redefining \em on input line 7551.
LaTeX Info: Redefining \emph on input line 7559.
\tocentryskip=\skip128
\tocbaseline=\skip129
\cftparskip=\skip130
\cftbeforebookskip=\skip131
\cftbookindent=\dimen136
\cftbooknumwidth=\dimen137
\cftbeforepartskip=\skip132
\cftpartindent=\skip133
\cftpartnumwidth=\skip134
\cftbeforechapterskip=\skip135
\cftchapterindent=\skip136
\cftchapternumwidth=\skip137
\cftbeforesectionskip=\skip138
\cftsectionindent=\skip139
\cftsectionnumwidth=\skip140
\cftbeforesubsectionskip=\skip141
\cftsubsectionindent=\skip142
\cftsubsectionnumwidth=\skip143
\cftbeforesubsubsectionskip=\skip144
\cftsubsubsectionindent=\skip145
\cftsubsubsectionnumwidth=\skip146
\cftbeforeparagraphskip=\skip147
\cftparagraphindent=\skip148
\cftparagraphnumwidth=\skip149
\cftbeforesubparagraphskip=\skip150
\cftsubparagraphindent=\skip151
\cftsubparagraphnumwidth=\skip152
\prechapterprecisshift=\dimen138
\c@maxsecnumdepth=\count110
\bibindent=\dimen139
\bibitemsep=\skip153
\indexcolsep=\skip154
\indexrule=\skip155
\indexmarkstyle=\toks18
\@indexbox=\insert199
\glossarycolsep=\dimen140
\glossaryrule=\dimen141
\sideparvshift=\skip156
\sideins=\insert198
\sidebartopsep=\skip157
\sidebarhsep=\skip158
\sidebarvsep=\skip159
\sidebarwidth=\skip160
\footmarkwidth=\skip161
\footmarksep=\skip162
\footparindent=\skip163
\footinsdim=\skip164
\footinsv@r=\insert197
\@mpfootinsv@r=\insert196
\m@m@k=\count111
\m@m@h=\dimen142
\m@mipn@skip=\skip165
\sidefootins=\insert195
\sidefootadjust=\skip166
\sidefootheight=\skip167
\sidefoothsep=\skip168
\sidefootvsep=\skip169
\sidefootwidth=\skip170
\m@mdownsf=\skip171
\c@sidefootnote=\count112
\sidefootmarkwidth=\skip172
\sidefootmarksep=\skip173
\sidefootparindent=\skip174
\c@pagenote=\count113
\c@pagenoteshadow=\count114
\mem@pn@lastkern=\skip175
\every@verbatim=\toks19
\afterevery@verbatim=\toks20
\verbatim@line=\toks21
\tab@position=\count115
\verbatim@in@stream=\read1
\verbatimindent=\skip176
\verbatim@out=\write3
\bvboxsep=\skip177
\c@memfbvline=\count116
\c@bvlinectr=\count117
\bvnumlength=\skip178
\fb@frw=\dimen143
\fb@frh=\dimen144
\FrameRule=\dimen145
\FrameSep=\dimen146
\c@cp@cntr=\count118
LaTeX Info: Redefining \: on input line 12068.
LaTeX Info: Redefining \! on input line 12070.
\c@ism@mctr=\count119
\c@xsm@mctr=\count120
\c@csm@mctr=\count121
\c@ksm@mctr=\count122
\c@xksm@mctr=\count123
\c@cksm@mctr=\count124
\c@msm@mctr=\count125
\c@xmsm@mctr=\count126
\c@cmsm@mctr=\count127
\c@bsm@mctr=\count128
\c@workm@mctr=\count129
\c@sheetsequence=\count130
\c@lastsheet=\count131
\c@lastpage=\count132
\c@figure=\count133
\c@lofdepth=\count134
\cftbeforefigureskip=\skip179
\cftfigureindent=\skip180
\cftfigurenumwidth=\skip181
\c@table=\count135
\c@lotdepth=\count136
\cftbeforetableskip=\skip182
\cfttableindent=\skip183
\cfttablenumwidth=\skip184
Package abstract [2008/07/23] emulated by memoir.
Package appendix [2008/07/23] emulated by memoir.
Package array [2008/09/09] emulated by memoir.
Package booktabs [2016/05/16] emulated by memoir.
Package ccaption [2008/07/23] emulated by memoir.
Package changepage [2008/07/23] emulated by memoir.
Package chngcntr [2008/07/23] emulated by memoir.
Package chngpage [2008/07/23] emulated by memoir.
Package crop emulated by memoir.
Package dcolumn [2008/07/23] emulated by memoir.
Package delarray [2008/07/23] emulated by memoir.
Package enumerate [2008/07/23] emulated by memoir.
Package epigraph [2008/07/23] emulated by memoir.
Package ifmtarg [2008/07/23] emulated by memoir.
Package ifetex [2008/07/23] emulated by memoir.
Package index [2008/07/23] emulated by memoir.
Package makeidx [2008/07/23] emulated by memoir.
Package moreverb [2008/07/23] emulated by memoir.
Package mparhack [2008/07/23] emulated by memoir.
Package needspace [2008/07/23] emulated by memoir.
Package newfile [2008/07/23] emulated by memoir.
Package nextpage [2008/07/23] emulated by memoir.
Package pagenote [2008/07/23] emulated by memoir.
Package parskip [2008/07/23] emulated by memoir.
Package patchcmd [2008/07/23] emulated by memoir.
Package setspace [2008/07/23] emulated by memoir.
Package shortvrb [2008/07/23] emulated by memoir.
Package showidx [2008/07/23] emulated by memoir.
Package tabularx [2008/07/23] emulated by memoir.
Package titleref [2008/07/23] emulated by memoir.
Package titling [2008/07/23] emulated by memoir.
Package tocbibind [2008/07/23] emulated by memoir.
Package tocloft [2008/07/23] emulated by memoir.
Package tocvsec2 [2008/07/23] emulated by memoir.
Package verbatim [2008/07/23] emulated by memoir.
Package verse [2008/07/23] emulated by memoir.

(/usr/local/texlive/2017basic/texmf-dist/tex/latex/memoir/mempatch.sty
Package: mempatch 2009/07/24 v6.0f Patches for memoir class v1.6180339
))
(./knitr.sty
(/usr/local/texlive/2017basic/texmf-dist/tex/latex/graphics/graphicx.sty
Package: graphicx 2014/10/28 v1.0g Enhanced LaTeX Graphics (DPC,SPQR)

(/usr/local/texlive/2017basic/texmf-dist/tex/latex/graphics/keyval.sty
Package: keyval 2014/10/28 v1.15 key=value parser (DPC)
\KV@toks@=\toks22
)
(/usr/local/texlive/2017basic/texmf-dist/tex/latex/graphics/graphics.sty
Package: graphics 2017/04/14 v1.1b Standard LaTeX Graphics (DPC,SPQR)

(/usr/local/texlive/2017basic/texmf-dist/tex/latex/graphics/trig.sty
Package: trig 2016/01/03 v1.10 sin cos tan (DPC)
)
(/usr/local/texlive/2017basic/texmf-dist/tex/latex/graphics-cfg/graphics.cfg
File: graphics.cfg 2016/06/04 v1.11 sample graphics configuration
)
Package graphics Info: Driver file: pdftex.def on input line 99.

(/usr/local/texlive/2017basic/texmf-dist/tex/latex/graphics-def/pdftex.def
File: pdftex.def 2017/01/12 v0.06k Graphics/color for pdfTeX

(/usr/local/texlive/2017basic/texmf-dist/tex/generic/oberdiek/infwarerr.sty
Package: infwarerr 2016/05/16 v1.4 Providing info/warning/error messages (HO)
)
(/usr/local/texlive/2017basic/texmf-dist/tex/generic/oberdiek/ltxcmds.sty
Package: ltxcmds 2016/05/16 v1.23 LaTeX kernel commands for general use (HO)
)
\Gread@gobject=\count137
))
\Gin@req@height=\dimen147
\Gin@req@width=\dimen148
)
(/usr/local/texlive/2017basic/texmf-dist/tex/latex/graphics/color.sty
Package: color 2016/07/10 v1.1e Standard LaTeX Color (DPC)

(/usr/local/texlive/2017basic/texmf-dist/tex/latex/graphics-cfg/color.cfg
File: color.cfg 2016/01/02 v1.6 sample color configuration
)
Package color Info: Driver file: pdftex.def on input line 147.
)
(./framed.sty
Package: framed 2011/10/22 v 0.96: framed or shaded text with page breaks
\OuterFrameSep=\skip185
\fb@frw=\dimen149
\fb@frh=\dimen150
))
(/usr/local/texlive/2017basic/texmf-dist/tex/latex/base/alltt.sty
Package: alltt 1997/06/16 v2.0g defines alltt environment
)
(/usr/local/texlive/2017basic/texmf-dist/tex/latex/geometry/geometry.sty
Package: geometry 2010/09/12 v5.6 Page Geometry

(/usr/local/texlive/2017basic/texmf-dist/tex/generic/oberdiek/ifvtex.sty
Package: ifvtex 2016/05/16 v1.6 Detect VTeX and its facilities (HO)
Package ifvtex Info: VTeX not detected.
)
\Gm@cnth=\count138
\Gm@cntv=\count139
\c@Gm@tempcnt=\count140
\Gm@bindingoffset=\dimen151
\Gm@wd@mp=\dimen152
\Gm@odd@mp=\dimen153
\Gm@even@mp=\dimen154
\Gm@layoutwidth=\dimen155
\Gm@layoutheight=\dimen156
\Gm@layouthoffset=\dimen157
\Gm@layoutvoffset=\dimen158
\Gm@dimlist=\toks23
)
(/usr/local/texlive/2017basic/texmf-dist/tex/latex/base/fontenc.sty
Package: fontenc 2017/04/05 v2.0i Standard LaTeX package

(/usr/local/texlive/2017basic/texmf-dist/tex/latex/base/t1enc.def
File: t1enc.def 2017/04/05 v2.0i Standard LaTeX file
LaTeX Font Info:    Redeclaring font encoding T1 on input line 48.
))
(/usr/local/texlive/2017basic/texmf-dist/tex/latex/titlesec/titlesec.sty
Package: titlesec 2016/03/21 v2.10.2 Sectioning titles
\ttl@box=\box29
\beforetitleunit=\skip186
\aftertitleunit=\skip187
\ttl@plus=\dimen159
\ttl@minus=\dimen160
\ttl@toksa=\toks24
\titlewidth=\dimen161
\titlewidthlast=\dimen162
\titlewidthfirst=\dimen163
)
(/usr/local/texlive/2017basic/texmf-dist/tex/latex/xcolor/xcolor.sty
Package: xcolor 2016/05/11 v2.12 LaTeX color extensions (UK)

(/usr/local/texlive/2017basic/texmf-dist/tex/latex/graphics-cfg/color.cfg
File: color.cfg 2016/01/02 v1.6 sample color configuration
)
Package xcolor Info: Driver file: pdftex.def on input line 225.
LaTeX Info: Redefining \color on input line 709.
Package xcolor Info: Model `cmy' substituted by `cmy0' on input line 1348.
Package xcolor Info: Model `hsb' substituted by `rgb' on input line 1352.
Package xcolor Info: Model `RGB' extended on input line 1364.
Package xcolor Info: Model `HTML' substituted by `rgb' on input line 1366.
Package xcolor Info: Model `Hsb' substituted by `hsb' on input line 1367.
Package xcolor Info: Model `tHsb' substituted by `hsb' on input line 1368.
Package xcolor Info: Model `HSB' substituted by `hsb' on input line 1369.
Package xcolor Info: Model `Gray' substituted by `gray' on input line 1370.
Package xcolor Info: Model `wave' substituted by `hsb' on input line 1371.
)
(/usr/local/texlive/2017basic/texmf-dist/tex/latex/cancel/cancel.sty
Package: cancel 2013/04/12 v2.2 Cancel math terms
)
(/usr/local/texlive/2017basic/texmf-dist/tex/latex/natbib/natbib.sty
Package: natbib 2010/09/13 8.31b (PWD, AO)
\bibhang=\skip188
\bibsep=\skip189
LaTeX Info: Redefining \cite on input line 694.
\c@NAT@ctr=\count141
)
\AABase@idxfile=\write4
\openout4 = `AABase.idx'.


Writing index file AABase.idx 
(/usr/local/texlive/2017basic/texmf-dist/tex/latex/idxlayout/idxlayout.sty
Package: idxlayout 2012/03/30 v0.4d Configurable index layout

(/usr/local/texlive/2017basic/texmf-dist/tex/latex/etoolbox/etoolbox.sty
Package: etoolbox 2017/01/02 v2.4 e-TeX tools for LaTeX (JAW)
\etb@tempcnta=\count142
)
(/usr/local/texlive/2017basic/texmf-dist/tex/latex/oberdiek/kvoptions.sty
Package: kvoptions 2016/05/16 v3.12 Key value format for package options (HO)

(/usr/local/texlive/2017basic/texmf-dist/tex/generic/oberdiek/kvsetkeys.sty
Package: kvsetkeys 2016/05/16 v1.17 Key value parser (HO)

(/usr/local/texlive/2017basic/texmf-dist/tex/generic/oberdiek/etexcmds.sty
Package: etexcmds 2016/05/16 v1.6 Avoid name clashes with e-TeX commands (HO)
Package etexcmds Info: Could not find \expanded.
(etexcmds)             That can mean that you are not using pdfTeX 1.50 or
(etexcmds)             that some package has redefined \expanded.
(etexcmds)             In the latter case, load this package earlier.
)))
(/usr/local/texlive/2017basic/texmf-dist/tex/latex/tools/multicol.sty
Package: multicol 2017/04/11 v1.8q multicolumn formatting (FMi)
\c@tracingmulticols=\count143
\mult@box=\box30
\multicol@leftmargin=\dimen164
\c@unbalance=\count144
\c@collectmore=\count145
\doublecol@number=\count146
\multicoltolerance=\count147
\multicolpretolerance=\count148
\full@width=\dimen165
\page@free=\dimen166
\premulticols=\dimen167
\postmulticols=\dimen168
\multicolsep=\skip190
\multicolbaselineskip=\skip191
\partial@page=\box31
\last@line=\box32
\maxbalancingoverflow=\dimen169
\mult@rightbox=\box33
\mult@grightbox=\box34
\mult@gfirstbox=\box35
\mult@firstbox=\box36
\@tempa=\box37
\@tempa=\box38
\@tempa=\box39
\@tempa=\box40
\@tempa=\box41
\@tempa=\box42
\@tempa=\box43
\@tempa=\box44
\@tempa=\box45
\@tempa=\box46
\@tempa=\box47
\@tempa=\box48
\@tempa=\box49
\@tempa=\box50
\@tempa=\box51
\@tempa=\box52
\@tempa=\box53
\c@columnbadness=\count149
\c@finalcolumnbadness=\count150
\last@try=\dimen170
\multicolovershoot=\dimen171
\multicolundershoot=\dimen172
\mult@nat@firstbox=\box54
\colbreak@box=\box55
\mc@col@check@num=\count151
)
\c@idxcols=\count152
\ila@indentunit=\skip192
\ila@initsep=\skip193
)
(/usr/local/texlive/2017basic/texmf-dist/tex/latex/hyperref/hyperref.sty
Package: hyperref 2017/03/14 v6.85a Hypertext links for LaTeX

(/usr/local/texlive/2017basic/texmf-dist/tex/generic/oberdiek/hobsub-hyperref.s
ty
Package: hobsub-hyperref 2016/05/16 v1.14 Bundle oberdiek, subset hyperref (HO)


(/usr/local/texlive/2017basic/texmf-dist/tex/generic/oberdiek/hobsub-generic.st
y
Package: hobsub-generic 2016/05/16 v1.14 Bundle oberdiek, subset generic (HO)
Package: hobsub 2016/05/16 v1.14 Construct package bundles (HO)
Package hobsub Info: Skipping package `infwarerr' (already loaded).
Package hobsub Info: Skipping package `ltxcmds' (already loaded).
Package hobsub Info: Skipping package `ifluatex' (already loaded).
Package hobsub Info: Skipping package `ifvtex' (already loaded).
Package: intcalc 2016/05/16 v1.2 Expandable calculations with integers (HO)
Package hobsub Info: Skipping package `ifpdf' (already loaded).
Package hobsub Info: Skipping package `etexcmds' (already loaded).
Package hobsub Info: Skipping package `kvsetkeys' (already loaded).
Package: kvdefinekeys 2016/05/16 v1.4 Define keys (HO)
Package: pdftexcmds 2017/03/19 v0.25 Utility functions of pdfTeX for LuaTeX (HO
)
Package pdftexcmds Info: LuaTeX not detected.
Package pdftexcmds Info: \pdf@primitive is available.
Package pdftexcmds Info: \pdf@ifprimitive is available.
Package pdftexcmds Info: \pdfdraftmode found.
Package: pdfescape 2016/05/16 v1.14 Implements pdfTeX's escape features (HO)
Package: bigintcalc 2016/05/16 v1.4 Expandable calculations on big integers (HO
)
Package: bitset 2016/05/16 v1.2 Handle bit-vector datatype (HO)
Package: uniquecounter 2016/05/16 v1.3 Provide unlimited unique counter (HO)
)
Package hobsub Info: Skipping package `hobsub' (already loaded).
Package: letltxmacro 2016/05/16 v1.5 Let assignment for LaTeX macros (HO)
Package: hopatch 2016/05/16 v1.3 Wrapper for package hooks (HO)
Package: xcolor-patch 2016/05/16 xcolor patch
Package: atveryend 2016/05/16 v1.9 Hooks at the very end of document (HO)
Package: atbegshi 2016/06/09 v1.18 At begin shipout hook (HO)
Package: refcount 2016/05/16 v3.5 Data extraction from label references (HO)
Package: hycolor 2016/05/16 v1.8 Color options for hyperref/bookmark (HO)
) (/usr/local/texlive/2017basic/texmf-dist/tex/latex/oberdiek/auxhook.sty
Package: auxhook 2016/05/16 v1.4 Hooks for auxiliary files (HO)
)
\@linkdim=\dimen173
\Hy@linkcounter=\count153
\Hy@pagecounter=\count154

(/usr/local/texlive/2017basic/texmf-dist/tex/latex/hyperref/pd1enc.def
File: pd1enc.def 2017/03/14 v6.85a Hyperref: PDFDocEncoding definition (HO)
)
\Hy@SavedSpaceFactor=\count155

(/usr/local/texlive/2017basic/texmf-dist/tex/latex/latexconfig/hyperref.cfg
File: hyperref.cfg 2002/06/06 v1.2 hyperref configuration of TeXLive
)
Package hyperref Info: Option `unicode' set `true' on input line 4374.

(/usr/local/texlive/2017basic/texmf-dist/tex/latex/hyperref/puenc.def
File: puenc.def 2017/03/14 v6.85a Hyperref: PDF Unicode definition (HO)
)
Package hyperref Info: Hyper figures OFF on input line 4498.
Package hyperref Info: Link nesting OFF on input line 4503.
Package hyperref Info: Hyper index ON on input line 4506.
Package hyperref Info: Plain pages OFF on input line 4513.
Package hyperref Info: Backreferencing OFF on input line 4518.
Package hyperref Info: Implicit mode ON; LaTeX internals redefined.
Package hyperref Info: Bookmarks ON on input line 4751.
\c@Hy@tempcnt=\count156

(/usr/local/texlive/2017basic/texmf-dist/tex/latex/url/url.sty
\Urlmuskip=\muskip10
Package: url 2013/09/16  ver 3.4  Verb mode for urls, etc.
)
LaTeX Info: Redefining \url on input line 5104.
\XeTeXLinkMargin=\dimen174
\Fld@menulength=\count157
\Field@Width=\dimen175
\Fld@charsize=\dimen176
Package hyperref Info: Hyper figures OFF on input line 6358.
Package hyperref Info: Link nesting OFF on input line 6363.
Package hyperref Info: Hyper index ON on input line 6366.
Package hyperref Info: backreferencing OFF on input line 6373.
Package hyperref Info: Link coloring OFF on input line 6378.
Package hyperref Info: Link coloring with OCG OFF on input line 6383.
Package hyperref Info: PDF/A mode OFF on input line 6388.
LaTeX Info: Redefining \ref on input line 6428.
LaTeX Info: Redefining \pageref on input line 6432.
\Hy@abspage=\count158
\c@Item=\count159
\c@Hfootnote=\count160
)
(/usr/local/texlive/2017basic/texmf-dist/tex/latex/memoir/memhfixc.sty
Package: memhfixc 2013/05/30 v1.17 nameref/hyperref package fixes for memoir cl
ass
\c@memhycontfloat=\count161
\c@Hpagenote=\count162
)

Package hyperref Message: Driver: hpdftex.

(/usr/local/texlive/2017basic/texmf-dist/tex/latex/hyperref/hpdftex.def
File: hpdftex.def 2017/03/14 v6.85a Hyperref driver for pdfTeX
\Fld@listcount=\count163
\c@bookmark@seq@number=\count164

(/usr/local/texlive/2017basic/texmf-dist/tex/latex/oberdiek/rerunfilecheck.sty
Package: rerunfilecheck 2016/05/16 v1.8 Rerun checks for auxiliary files (HO)
Package uniquecounter Info: New unique counter `rerunfilecheck' on input line 2
82.
)
\Hy@SectionHShift=\skip194
) (/usr/local/texlive/2017basic/texmf-dist/tex/latex/enumitem/enumitem.sty
Package: enumitem 2011/09/28 v3.5.2 Customized lists
\labelindent=\skip256
\enit@outerparindent=\dimen177
\enit@toks=\toks25
\enit@inbox=\box56
\enitdp@description=\count165
)
(/usr/local/texlive/2017basic/texmf-dist/tex/latex/marginfix/marginfix.sty
Package: marginfix 2013/09/08 v1.1 Fix Margin Paragraphs
\Mfx@inject@insert=\insert252
\Mfx@marginbox=\box57
\Mfx@marginpos@min=\dimen178
\Mfx@marginpos@max=\dimen179
\Mfx@marginspace=\dimen180
\Mfx@marginheight=\dimen181
\Mfx@piece@content=\box58
\Mfx@piece@count=\count166
\Mfx@mparshift=\dimen182
\marginheightadjustment=\dimen183
\marginposadjustment=\dimen184
\Mfx@strutheight=\dimen185
)
\drop=\skip257

(/usr/local/texlive/2017basic/texmf-dist/tex/latex/upquote/upquote.sty
Package: upquote 2012/04/19 v1.3 upright-quote and grave-accent glyphs in verba
tim

(/usr/local/texlive/2017basic/texmf-dist/tex/latex/base/textcomp.sty
Package: textcomp 2017/04/05 v2.0i Standard LaTeX package
Package textcomp Info: Sub-encoding information:
(textcomp)               5 = only ISO-Adobe without \textcurrency
(textcomp)               4 = 5 + \texteuro
(textcomp)               3 = 4 + \textohm
(textcomp)               2 = 3 + \textestimated + \textcurrency
(textcomp)               1 = TS1 - \textcircled - \t
(textcomp)               0 = TS1 (full)
(textcomp)             Font families with sub-encoding setting implement
(textcomp)             only a restricted character set as indicated.
(textcomp)             Family '?' is the default used for unknown fonts.
(textcomp)             See the documentation for details.
Package textcomp Info: Setting ? sub-encoding to TS1/1 on input line 79.

(/usr/local/texlive/2017basic/texmf-dist/tex/latex/base/ts1enc.def
File: ts1enc.def 2001/06/05 v3.0e (jk/car/fm) Standard LaTeX file
)
LaTeX Info: Redefining \oldstylenums on input line 334.
Package textcomp Info: Setting cmr sub-encoding to TS1/0 on input line 349.
Package textcomp Info: Setting cmss sub-encoding to TS1/0 on input line 350.
Package textcomp Info: Setting cmtt sub-encoding to TS1/0 on input line 351.
Package textcomp Info: Setting cmvtt sub-encoding to TS1/0 on input line 352.
Package textcomp Info: Setting cmbr sub-encoding to TS1/0 on input line 353.
Package textcomp Info: Setting cmtl sub-encoding to TS1/0 on input line 354.
Package textcomp Info: Setting ccr sub-encoding to TS1/0 on input line 355.
Package textcomp Info: Setting ptm sub-encoding to TS1/4 on input line 356.
Package textcomp Info: Setting pcr sub-encoding to TS1/4 on input line 357.
Package textcomp Info: Setting phv sub-encoding to TS1/4 on input line 358.
Package textcomp Info: Setting ppl sub-encoding to TS1/3 on input line 359.
Package textcomp Info: Setting pag sub-encoding to TS1/4 on input line 360.
Package textcomp Info: Setting pbk sub-encoding to TS1/4 on input line 361.
Package textcomp Info: Setting pnc sub-encoding to TS1/4 on input line 362.
Package textcomp Info: Setting pzc sub-encoding to TS1/4 on input line 363.
Package textcomp Info: Setting bch sub-encoding to TS1/4 on input line 364.
Package textcomp Info: Setting put sub-encoding to TS1/5 on input line 365.
Package textcomp Info: Setting uag sub-encoding to TS1/5 on input line 366.
Package textcomp Info: Setting ugq sub-encoding to TS1/5 on input line 367.
Package textcomp Info: Setting ul8 sub-encoding to TS1/4 on input line 368.
Package textcomp Info: Setting ul9 sub-encoding to TS1/4 on input line 369.
Package textcomp Info: Setting augie sub-encoding to TS1/5 on input line 370.
Package textcomp Info: Setting dayrom sub-encoding to TS1/3 on input line 371.
Package textcomp Info: Setting dayroms sub-encoding to TS1/3 on input line 372.

Package textcomp Info: Setting pxr sub-encoding to TS1/0 on input line 373.
Package textcomp Info: Setting pxss sub-encoding to TS1/0 on input line 374.
Package textcomp Info: Setting pxtt sub-encoding to TS1/0 on input line 375.
Package textcomp Info: Setting txr sub-encoding to TS1/0 on input line 376.
Package textcomp Info: Setting txss sub-encoding to TS1/0 on input line 377.
Package textcomp Info: Setting txtt sub-encoding to TS1/0 on input line 378.
Package textcomp Info: Setting lmr sub-encoding to TS1/0 on input line 379.
Package textcomp Info: Setting lmdh sub-encoding to TS1/0 on input line 380.
Package textcomp Info: Setting lmss sub-encoding to TS1/0 on input line 381.
Package textcomp Info: Setting lmssq sub-encoding to TS1/0 on input line 382.
Package textcomp Info: Setting lmvtt sub-encoding to TS1/0 on input line 383.
Package textcomp Info: Setting lmtt sub-encoding to TS1/0 on input line 384.
Package textcomp Info: Setting qhv sub-encoding to TS1/0 on input line 385.
Package textcomp Info: Setting qag sub-encoding to TS1/0 on input line 386.
Package textcomp Info: Setting qbk sub-encoding to TS1/0 on input line 387.
Package textcomp Info: Setting qcr sub-encoding to TS1/0 on input line 388.
Package textcomp Info: Setting qcs sub-encoding to TS1/0 on input line 389.
Package textcomp Info: Setting qpl sub-encoding to TS1/0 on input line 390.
Package textcomp Info: Setting qtm sub-encoding to TS1/0 on input line 391.
Package textcomp Info: Setting qzc sub-encoding to TS1/0 on input line 392.
Package textcomp Info: Setting qhvc sub-encoding to TS1/0 on input line 393.
Package textcomp Info: Setting futs sub-encoding to TS1/4 on input line 394.
Package textcomp Info: Setting futx sub-encoding to TS1/4 on input line 395.
Package textcomp Info: Setting futj sub-encoding to TS1/4 on input line 396.
Package textcomp Info: Setting hlh sub-encoding to TS1/3 on input line 397.
Package textcomp Info: Setting hls sub-encoding to TS1/3 on input line 398.
Package textcomp Info: Setting hlst sub-encoding to TS1/3 on input line 399.
Package textcomp Info: Setting hlct sub-encoding to TS1/5 on input line 400.
Package textcomp Info: Setting hlx sub-encoding to TS1/5 on input line 401.
Package textcomp Info: Setting hlce sub-encoding to TS1/5 on input line 402.
Package textcomp Info: Setting hlcn sub-encoding to TS1/5 on input line 403.
Package textcomp Info: Setting hlcw sub-encoding to TS1/5 on input line 404.
Package textcomp Info: Setting hlcf sub-encoding to TS1/5 on input line 405.
Package textcomp Info: Setting pplx sub-encoding to TS1/3 on input line 406.
Package textcomp Info: Setting pplj sub-encoding to TS1/3 on input line 407.
Package textcomp Info: Setting ptmx sub-encoding to TS1/4 on input line 408.
Package textcomp Info: Setting ptmj sub-encoding to TS1/4 on input line 409.
))
(/usr/local/texlive/2017basic/texmf-dist/tex/latex/ms/ragged2e.sty
Package: ragged2e 2009/05/21 v2.1 ragged2e Package (MS)

(/usr/local/texlive/2017basic/texmf-dist/tex/latex/ms/everysel.sty
Package: everysel 2011/10/28 v1.2 EverySelectfont Package (MS)
)
\CenteringLeftskip=\skip258
\RaggedLeftLeftskip=\skip259
\RaggedRightLeftskip=\skip260
\CenteringRightskip=\skip261
\RaggedLeftRightskip=\skip262
\RaggedRightRightskip=\skip263
\CenteringParfillskip=\skip264
\RaggedLeftParfillskip=\skip265
\RaggedRightParfillskip=\skip266
\JustifyingParfillskip=\skip267
\CenteringParindent=\skip268
\RaggedLeftParindent=\skip269
\RaggedRightParindent=\skip270
\JustifyingParindent=\skip271
)
(./AABase.aux)
\openout1 = `AABase.aux'.

LaTeX Font Info:    Checking defaults for OML/cmm/m/it on input line 116.
LaTeX Font Info:    ... okay on input line 116.
LaTeX Font Info:    Checking defaults for T1/cmr/m/n on input line 116.
LaTeX Font Info:    ... okay on input line 116.
LaTeX Font Info:    Checking defaults for OT1/cmr/m/n on input line 116.
LaTeX Font Info:    ... okay on input line 116.
LaTeX Font Info:    Checking defaults for OMS/cmsy/m/n on input line 116.
LaTeX Font Info:    ... okay on input line 116.
LaTeX Font Info:    Checking defaults for OMX/cmex/m/n on input line 116.
LaTeX Font Info:    ... okay on input line 116.
LaTeX Font Info:    Checking defaults for U/cmr/m/n on input line 116.
LaTeX Font Info:    ... okay on input line 116.
LaTeX Font Info:    Checking defaults for PD1/pdf/m/n on input line 116.
LaTeX Font Info:    ... okay on input line 116.
LaTeX Font Info:    Checking defaults for PU/pdf/m/n on input line 116.
LaTeX Font Info:    ... okay on input line 116.
LaTeX Font Info:    Checking defaults for TS1/cmr/m/n on input line 116.
LaTeX Font Info:    Try loading font information for TS1+cmr on input line 116.


(/usr/local/texlive/2017basic/texmf-dist/tex/latex/base/ts1cmr.fd
File: ts1cmr.fd 2014/09/29 v2.5h Standard LaTeX font definitions
)
LaTeX Font Info:    ... okay on input line 116.

(/usr/local/texlive/2017basic/texmf-dist/tex/context/base/mkii/supp-pdf.mkii
[Loading MPS to PDF converter (version 2006.09.02).]
\scratchcounter=\count167
\scratchdimen=\dimen186
\scratchbox=\box59
\nofMPsegments=\count168
\nofMParguments=\count169
\everyMPshowfont=\toks26
\MPscratchCnt=\count170
\MPscratchDim=\dimen187
\MPnumerator=\count171
\makeMPintoPDFobject=\count172
\everyMPtoPDFconversion=\toks27
) (/usr/local/texlive/2017basic/texmf-dist/tex/latex/oberdiek/epstopdf-base.sty
Package: epstopdf-base 2016/05/15 v2.6 Base part for package epstopdf
(/usr/local/texlive/2017basic/texmf-dist/tex/latex/oberdiek/grfext.sty
Package: grfext 2016/05/16 v1.2 Manage graphics extensions (HO)
)
Package epstopdf-base Info: Redefining graphics rule for `.eps' on input line 4
38.
Package grfext Info: Graphics extension search list:
(grfext)             [.png,.pdf,.jpg,.mps,.jpeg,.jbig2,.jb2,.PNG,.PDF,.JPG,.JPE
G,.JBIG2,.JB2,.eps]
(grfext)             \AppendGraphicsExtensions on input line 456.

(/usr/local/texlive/2017basic/texmf-dist/tex/latex/latexconfig/epstopdf-sys.cfg
File: epstopdf-sys.cfg 2010/07/13 v1.3 Configuration of (r)epstopdf for TeX Liv
e
))
*geometry* driver: auto-detecting
*geometry* detected driver: pdftex
*geometry* verbose mode - [ preamble ] result:
* driver: pdftex
* paper: letterpaper
* layout: <same size as paper>
* layoutoffset:(h,v)=(0.0pt,0.0pt)
* modes: twoside 
* h-part:(L,W,R)=(72.26999pt, 361.35002pt, 180.67499pt)
* v-part:(T,H,B)=(72.26999pt, 650.43001pt, 72.26999pt)
* \paperwidth=614.295pt
* \paperheight=794.96999pt
* \textwidth=361.35002pt
* \textheight=650.43001pt
* \oddsidemargin=0.0pt
* \evensidemargin=108.405pt
* \topmargin=-33.4738pt
* \headheight=13.6pt
* \headsep=19.8738pt
* \topskip=11.0pt
* \footskip=27.46295pt
* \marginparwidth=111.0pt
* \marginparsep=7.22743pt
* \columnsep=10.0pt
* \skip\footins=12.0pt plus 4.0pt minus 4.0pt
* \hoffset=0.0pt
* \voffset=0.0pt
* \mag=1000
* \@twocolumnfalse
* \@twosidetrue
* \@mparswitchtrue
* \@reversemarginfalse
* (1in=72.27pt=25.4mm, 1cm=28.453pt)

\AtBeginShipoutBox=\box60
Package hyperref Info: Link coloring OFF on input line 116.
(/usr/local/texlive/2017basic/texmf-dist/tex/latex/hyperref/nameref.sty
Package: nameref 2016/05/21 v2.44 Cross-referencing by name of section

(/usr/local/texlive/2017basic/texmf-dist/tex/generic/oberdiek/gettitlestring.st
y
Package: gettitlestring 2016/05/16 v1.5 Cleanup title references (HO)
)
\c@section@level=\count173
)
Redoing nameref's sectioning
Redoing nameref's label
LaTeX Info: Redefining \nameref on input line 116.
LaTeX Info: Redefining \ref on input line 116.
LaTeX Info: Redefining \pageref on input line 116.
LaTeX Info: Redefining \nameref on input line 116.
(./AABase.out) (./AABase.out)
\@outlinefile=\write5
\openout5 = `AABase.out'.

 ABD: EverySelectfont initializing macros
LaTeX Info: Redefining \selectfont on input line 116.

Underfull \hbox (badness 10000) in paragraph at lines 129--129

 []

[1

{/usr/local/texlive/2017basic/texmf-var/fonts/map/pdftex/updmap/pdftex.map}]
[2]
LaTeX Font Info:    Try loading font information for T1+cmtt on input line 135.

 (/usr/local/texlive/2017basic/texmf-dist/tex/latex/base/t1cmtt.fd
File: t1cmtt.fd 2014/09/29 v2.5h Standard LaTeX font definitions
) [1


]
[2

] (./AABase.toc
LaTeX Font Info:    External font `cmex10' loaded for size
(Font)              <10.95> on input line 1.
LaTeX Font Info:    External font `cmex10' loaded for size
(Font)              <8> on input line 1.
LaTeX Font Info:    External font `cmex10' loaded for size
(Font)              <6> on input line 1.

Overfull \hbox (0.15294pt too wide) detected at line 6
 \T1/cmr/bx/n/10.95 xiii
 []

LaTeX Font Info:    External font `cmex10' loaded for size
(Font)              <12> on input line 13.

Underfull \vbox (badness 4621) has occurred while \output is active []

pdfTeX warning (ext4): destination with the same identifier (name{page.i}) has 
been already used, duplicate ignored
<to be read again> 
                   \relax 
l.104 ...Neighbors Classification}{77}{chapter.10}
                                                   [1]
Overfull \hbox (1.88837pt too wide) detected at line 125
 \T1/cmr/bx/n/10.95 103
 []


Overfull \hbox (1.88837pt too wide) detected at line 129
 \T1/cmr/bx/n/10.95 105
 []


Overfull \hbox (1.88837pt too wide) detected at line 130
 \T1/cmr/bx/n/10.95 111
 []


Overfull \hbox (1.88837pt too wide) detected at line 142
 \T1/cmr/bx/n/10.95 117
 []


Overfull \hbox (1.88837pt too wide) detected at line 150
 \T1/cmr/bx/n/10.95 119
 []


Overfull \hbox (1.88837pt too wide) detected at line 151
 \T1/cmr/bx/n/10.95 121
 []

)pdfTeX warning (ext4): destination with the same identifier (name{page.ii}) ha
s been already used, duplicate ignored
<to be read again> 
                   \relax 
l.144 \cleardoublepage
                       [2] (./AABase.toc
Overfull \hbox (0.15294pt too wide) detected at line 6
 \T1/cmr/bx/n/10.95 xiii
 []

[3

] [4]
Overfull \hbox (1.88837pt too wide) detected at line 125
 \T1/cmr/bx/n/10.95 103
 []


Overfull \hbox (1.88837pt too wide) detected at line 129
 \T1/cmr/bx/n/10.95 105
 []


Overfull \hbox (1.88837pt too wide) detected at line 130
 \T1/cmr/bx/n/10.95 111
 []


Overfull \hbox (1.88837pt too wide) detected at line 142
 \T1/cmr/bx/n/10.95 117
 []


Overfull \hbox (1.88837pt too wide) detected at line 150
 \T1/cmr/bx/n/10.95 119
 []


Overfull \hbox (1.88837pt too wide) detected at line 151
 \T1/cmr/bx/n/10.95 121
 []

) [5] [6

] (./AABase.lof
Overfull \hbox (0.66826pt too wide) detected at line 1
 \T1/cmr/m/n/10.95 xvii
 []

) [7] [8

] [9] [10

]
Underfull \vbox (badness 10000) has occurred while \output is active []

 [11]
[12]
Underfull \hbox (badness 10000) in paragraph at lines 221--221
[]\T1/cmtt/m/n/10 GPL License usually
 []


Underfull \hbox (badness 10000) in paragraph at lines 221--221
\T1/cmtt/m/n/10 require that the
 []


Underfull \hbox (badness 10000) in paragraph at lines 221--221
\T1/cmtt/m/n/10 product (in this
 []


Underfull \hbox (badness 10000) in paragraph at lines 221--221
\T1/cmtt/m/n/10 case, this book) be
 []


Underfull \hbox (badness 10000) in paragraph at lines 221--221
\T1/cmtt/m/n/10 made available free
 []


Underfull \hbox (badness 10000) in paragraph at lines 221--221
\T1/cmtt/m/n/10 or charge; and any
 []


Underfull \hbox (badness 10000) in paragraph at lines 221--221
\T1/cmtt/m/n/10 subsequent product
 []


Underfull \hbox (badness 10000) in paragraph at lines 221--221
\T1/cmtt/m/n/10 made using the GPL
 []


Underfull \hbox (badness 10000) in paragraph at lines 221--221
\T1/cmtt/m/n/10 Licensed product
 []


Underfull \hbox (badness 10000) in paragraph at lines 221--221
\T1/cmtt/m/n/10 must also be made
 []


Underfull \hbox (badness 10000) in paragraph at lines 221--221
\T1/cmtt/m/n/10 available free of
 []


Underfull \hbox (badness 10000) in paragraph at lines 221--221

 []


Underfull \hbox (badness 10000) in paragraph at lines 223--223
[]\T1/cmtt/m/n/10 I plan to publish
 []


Underfull \hbox (badness 10000) in paragraph at lines 223--223
\T1/cmtt/m/n/10 these and other
 []


Underfull \hbox (badness 10000) in paragraph at lines 223--223
\T1/cmtt/m/n/10 details on
 []


Underfull \hbox (badness 10000) in paragraph at lines 223--223
\T1/cmtt/m/n/10 ateachr.com - but
 []


Underfull \hbox (badness 10000) in paragraph at lines 223--223
\T1/cmtt/m/n/10 as of this version
 []


Underfull \hbox (badness 10000) in paragraph at lines 223--223
\T1/cmtt/m/n/10 of the document, I
 []


Underfull \hbox (badness 10000) in paragraph at lines 223--223
\T1/cmtt/m/n/10 have not been able
 []


Underfull \hbox (badness 10000) in paragraph at lines 223--223
\T1/cmtt/m/n/10 to. I will revise
 []


Underfull \hbox (badness 10000) in paragraph at lines 223--223
\T1/cmtt/m/n/10 this note after I
 []


Underfull \hbox (badness 10000) in paragraph at lines 223--223
\T1/cmtt/m/n/10 have published the
 []


Underfull \hbox (badness 10000) in paragraph at lines 223--223

 []

[13

]
Underfull \hbox (badness 10000) in paragraph at lines 227--227
[]\T1/cmtt/m/n/10 I think the name is
 []


Underfull \hbox (badness 10000) in paragraph at lines 227--227
\T1/cmtt/m/n/10 clever. I was pretty
 []


Underfull \hbox (badness 10000) in paragraph at lines 227--227
\T1/cmtt/m/n/10 happy with myself
 []


Underfull \hbox (badness 10000) in paragraph at lines 227--227
\T1/cmtt/m/n/10 when I found out that
 []


Underfull \hbox (badness 10000) in paragraph at lines 227--227
\T1/cmtt/m/n/10 the clarifyR name was
 []


Underfull \hbox (badness 10000) in paragraph at lines 227--227

 []


Underfull \hbox (badness 10000) in paragraph at lines 251--251
[]\T1/cmtt/m/n/10 In my opinion, data
 []


Underfull \hbox (badness 10000) in paragraph at lines 251--251
\T1/cmtt/m/n/10 cleaning is the most
 []


Underfull \hbox (badness 10000) in paragraph at lines 251--251
\T1/cmtt/m/n/10 under-appreciated
 []


Underfull \hbox (badness 10000) in paragraph at lines 251--251
\T1/cmtt/m/n/10 part of data
 []


Underfull \hbox (badness 10000) in paragraph at lines 251--251
\T1/cmtt/m/n/10 analytics. It often
 []


Underfull \hbox (badness 10000) in paragraph at lines 251--251
\T1/cmtt/m/n/10 takes more time
 []


Underfull \hbox (badness 10000) in paragraph at lines 251--251
\T1/cmtt/m/n/10 and effort than the
 []


Underfull \hbox (badness 10000) in paragraph at lines 251--251
\T1/cmtt/m/n/10 actual analysis that
 []


Underfull \hbox (badness 10000) in paragraph at lines 251--251

 []

[14] [15]

Package xcolor Warning: Incompatible color definition on input line 284.

LaTeX Font Info:    Font shape `T1/cmtt/bx/n' in size <10.95> not available
(Font)              Font shape `T1/cmtt/m/n' tried instead on input line 287.

Underfull \hbox (badness 10000) in paragraph at lines 301--301
[][]\T1/cmtt/m/n/10 I would have liked
 []


Underfull \hbox (badness 10000) in paragraph at lines 301--301
\T1/cmtt/m/n/10 to make margin notes
 []


Underfull \hbox (badness 10000) in paragraph at lines 301--301
\T1/cmtt/m/n/10 green - but somehow
 []


Underfull \hbox (badness 10000) in paragraph at lines 301--301
\T1/cmtt/m/n/10 green color prints a
 []


Underfull \hbox (badness 10000) in paragraph at lines 301--301
\T1/cmtt/m/n/10 horribly toxic green
 []


Underfull \hbox (badness 10000) in paragraph at lines 301--301
\T1/cmtt/m/n/10 - so I am defaulting
 []


Underfull \hbox (badness 10000) in paragraph at lines 301--301
\T1/cmtt/m/n/10 to black until I can
 []


Underfull \hbox (badness 10000) in paragraph at lines 301--301
\T1/cmtt/m/n/10 find a way to print
 []


Underfull \hbox (badness 10000) in paragraph at lines 301--301
\T1/cmtt/m/n/10 a darker, pleasanter
 []


Underfull \hbox (badness 10000) in paragraph at lines 303--303
[]\T1/cmtt/m/n/10 This is a demo margin
 []


Underfull \hbox (badness 10000) in paragraph at lines 303--303
\T1/cmtt/m/n/10 note. You will
 []


Underfull \hbox (badness 10000) in paragraph at lines 303--303
\T1/cmtt/m/n/10 find helpful hints,
 []


Underfull \hbox (badness 10000) in paragraph at lines 303--303
\T1/cmtt/m/n/10 debugging tips and
 []


Underfull \hbox (badness 10000) in paragraph at lines 303--303
\T1/cmtt/m/n/10 other thoughts and
 []


Underfull \hbox (badness 10000) in paragraph at lines 303--303

 []

[16]
LaTeX Font Info:    External font `cmex10' loaded for size
(Font)              <14.4> on input line 305.
LaTeX Font Info:    External font `cmex10' loaded for size
(Font)              <7> on input line 305.
 <images/woodson.png, id=655, 301.125pt x 295.1025pt>
File: images/woodson.png Graphic file (type png)

<use images/woodson.png>
Package pdftex.def Info: images/woodson.png used on input line 312.
(pdftex.def)             Requested size: 294.9856pt x 289.07999pt.
 [17 <./images/woodson.png (PNG copy)>] [18]pdfTeX warning (ext4): destination 
with the same identifier (name{page.1}) has been already used, duplicate ignore
d
<to be read again> 
                   \relax 
l.337 \part{Getting Started}
                             [1


]pdfTeX warning (ext4): destination with the same identifier (name{page.2}) has
 been already used, duplicate ignored
<to be read again> 
                   \relax 
l.337 \part{Getting Started}
                             [2]
<images/NYTFrances.jpg, id=679, 437.83575pt x 481.19775pt>
File: images/NYTFrances.jpg Graphic file (type jpg)

<use images/NYTFrances.jpg>
Package pdftex.def Info: images/NYTFrances.jpg used on input line 358.
(pdftex.def)             Requested size: 328.79022pt x 361.34999pt.

Underfull \hbox (badness 10000) in paragraph at lines 364--364
[]\T1/cmtt/m/n/10 The popular notion
 []


Underfull \hbox (badness 10000) in paragraph at lines 364--364
\T1/cmtt/m/n/10 that Target knew that
 []


Underfull \hbox (badness 10000) in paragraph at lines 364--364
\T1/cmtt/m/n/10 the girl was pregnant
 []


Underfull \hbox (badness 10000) in paragraph at lines 364--364
\T1/cmtt/m/n/10 before even \T1/cmtt/m/it/10 she \T1/cmtt/m/n/10 did;
 []


Underfull \hbox (badness 10000) in paragraph at lines 364--364
\T1/cmtt/m/n/10 is not accurate.
 []


Underfull \hbox (badness 10000) in paragraph at lines 364--364

 []


Underfull \hbox (badness 10000) in paragraph at lines 364--364
[]\T1/cmtt/m/n/10 The terms Advanced
 []


Underfull \hbox (badness 10000) in paragraph at lines 364--364
\T1/cmtt/m/n/10 Analytics, Data
 []


Underfull \hbox (badness 10000) in paragraph at lines 364--364
\T1/cmtt/m/n/10 Analytics and
 []


Underfull \hbox (badness 10000) in paragraph at lines 364--364
\T1/cmtt/m/n/10 Business Analytics
 []


Underfull \hbox (badness 10000) in paragraph at lines 364--364
\T1/cmtt/m/n/10 are often used
 []


Underfull \hbox (badness 10000) in paragraph at lines 364--364
\T1/cmtt/m/n/10 interchangeably.
 []


Underfull \hbox (badness 10000) in paragraph at lines 364--364
\T1/cmtt/m/n/10 We will consider them
 []


Underfull \hbox (badness 10000) in paragraph at lines 364--364
\T1/cmtt/m/n/10 synonymous in this
 []


Underfull \hbox (badness 10000) in paragraph at lines 364--364

 []


Underfull \vbox (badness 10000) has occurred while \output is active []

 [3

]
[4 <./images/NYTFrances.jpg>]
Underfull \hbox (badness 10000) in paragraph at lines 394--394
[]\T1/cmtt/m/n/10 The movie Moneyball
 []


Underfull \hbox (badness 10000) in paragraph at lines 394--394
\T1/cmtt/m/n/10 is a good example of
 []


Underfull \hbox (badness 10000) in paragraph at lines 394--394
\T1/cmtt/m/n/10 transitioning from
 []


Underfull \hbox (badness 10000) in paragraph at lines 394--394
\T1/cmtt/m/n/10 an intuition/gut-feel
 []


Underfull \hbox (badness 10000) in paragraph at lines 394--394
\T1/cmtt/m/n/10 based decision making
 []


Underfull \hbox (badness 10000) in paragraph at lines 394--394
\T1/cmtt/m/n/10 to a data driven
 []


Underfull \hbox (badness 10000) in paragraph at lines 394--394

 []

[5] <images/datascientist.png, id=715, 428.3202pt x 529.4982pt>
File: images/datascientist.png Graphic file (type png)

<use images/datascientist.png>
Package pdftex.def Info: images/datascientist.png used on input line 418.
(pdftex.def)             Requested size: 292.31265pt x 361.34999pt.
 [6] [7 <./images/datascientist.png>] [8

]
Underfull \hbox (badness 10000) in paragraph at lines 445--445
[]\T1/cmtt/m/n/10 R is a pretty awful
 []


Underfull \hbox (badness 10000) in paragraph at lines 445--445
\T1/cmtt/m/n/10 name for anything
 []


Underfull \hbox (badness 10000) in paragraph at lines 445--445
\T1/cmtt/m/n/10 - try googling "R"
 []


Underfull \hbox (badness 10000) in paragraph at lines 445--445
\T1/cmtt/m/n/10 and see how relevant
 []


Underfull \hbox (badness 10000) in paragraph at lines 445--445
\T1/cmtt/m/n/10 the search results
 []


Underfull \hbox (badness 10000) in paragraph at lines 445--445
\T1/cmtt/m/n/10 are! It is called R
 []


Underfull \hbox (badness 10000) in paragraph at lines 445--445
\T1/cmtt/m/n/10 after the first name
 []


Underfull \hbox (badness 10000) in paragraph at lines 445--445
\T1/cmtt/m/n/10 of the two authors
 []


Underfull \hbox (badness 10000) in paragraph at lines 445--445
\T1/cmtt/m/n/10 of R: Robert and
 []


Underfull \hbox (badness 10000) in paragraph at lines 445--445
\T1/cmtt/m/n/10 Ross. The name kinda
 []


Underfull \hbox (badness 10000) in paragraph at lines 445--445
\T1/cmtt/m/n/10 makes sense when
 []


Underfull \hbox (badness 10000) in paragraph at lines 445--445
\T1/cmtt/m/n/10 you consider that R
 []


Underfull \hbox (badness 10000) in paragraph at lines 445--445
\T1/cmtt/m/n/10 is based on another
 []


Underfull \hbox (badness 10000) in paragraph at lines 445--445
\T1/cmtt/m/n/10 programming language
 []


Underfull \hbox (badness 10000) in paragraph at lines 445--445

 []

<images/rbase.png, id=736, 411.33675pt x 240.29774pt>
File: images/rbase.png Graphic file (type png)
 <use images/rbase.png>
Package pdftex.def Info: images/rbase.png used on input line 456.
(pdftex.def)             Requested size: 371.12857pt x 216.81pt.

Overfull \hbox (9.77855pt too wide) in paragraph at lines 454--457
 [] 
 []


Overfull \hbox (1.62326pt too wide) in paragraph at lines 462--464
[][]\T1/cmtt/m/n/10.95 https://www.rstudio.com/products/rstudio/download/[]\T1/
cmr/m/n/10.95 . There again are
 []

[9] <images/rstudio.png, id=744, 686.565pt x 404.10976pt>
File: images/rstudio.png Graphic file (type png)

<use images/rstudio.png>
Package pdftex.def Info: images/rstudio.png used on input line 468.
(pdftex.def)             Requested size: 368.3615pt x 216.81pt.

Overfull \hbox (7.01147pt too wide) in paragraph at lines 466--469
 [] 
 []

[10 <./images/rbase.png> <./images/rstudio.png>]

Package xcolor Warning: Incompatible color definition on input line 494.


Overfull \hbox (47.95326pt too wide) in paragraph at lines 496--496
[][]\T1/cmtt/m/it/10.95 # This is a comment as it comes after #.  You should pu
t enough of these[][] 
 []


Overfull \hbox (155.46231pt too wide) in paragraph at lines 497--497
[][]\T1/cmtt/m/n/10.95 print[][]([][]"This statement is incomplete"[][])[]  []\
T1/cmtt/m/it/10.95 #R managed to figure that the command was incomplete[][] 
 []

[11]
LaTeX Font Info:    Try loading font information for TS1+cmtt on input line 524
.
 (/usr/local/texlive/2017basic/texmf-dist/tex/latex/base/ts1cmtt.fd
File: ts1cmtt.fd 2014/09/29 v2.5h Standard LaTeX font definitions
)
[12] [13]

Package xcolor Warning: Incompatible color definition on input line 579.

<figure/unnamed-chunk-6-1.pdf, id=770, 505.89pt x 361.35pt>
File: figure/unnamed-chunk-6-1.pdf Graphic file (type pdf)

<use figure/unnamed-chunk-6-1.pdf>
Package pdftex.def Info: figure/unnamed-chunk-6-1.pdf used on input line 580.
(pdftex.def)             Requested size: 361.35002pt x 258.10966pt.


Package xcolor Warning: Incompatible color definition on input line 590.


Overfull \hbox (68.68617pt too wide) in paragraph at lines 593--593
[][]\T1/cmtt/m/n/10.95 curve[][](x[][]^[][]2[][],[] []from[] []=[] []0[][],[] [
]to[] []=[] []3[][],[] []xlab[] []=[] []"Time"[][],[] []ylab[] []=[] []"Experti
se"[][],[] []col[] []=[] []"red"[][],[][] 
 []


Package xcolor Warning: Incompatible color definition on input line 605.

[14]

Package xcolor Warning: Incompatible color definition on input line 626.

[15 <./figure/unnamed-chunk-6-1.pdf>]
Underfull \hbox (badness 10000) in paragraph at lines 641--641
[]\T1/cmtt/m/n/10 I am not going
 []


Underfull \hbox (badness 10000) in paragraph at lines 641--641
\T1/cmtt/m/n/10 to insult your
 []


Underfull \hbox (badness 10000) in paragraph at lines 641--641
\T1/cmtt/m/n/10 intelligence by
 []


Underfull \hbox (badness 10000) in paragraph at lines 641--641
\T1/cmtt/m/n/10 asking you to make
 []


Underfull \hbox (badness 10000) in paragraph at lines 641--641
\T1/cmtt/m/n/10 sure that you have
 []


Underfull \hbox (badness 10000) in paragraph at lines 641--641
\T1/cmtt/m/n/10 a live Internet
 []


Underfull \hbox (badness 10000) in paragraph at lines 641--641

 []


Underfull \hbox (badness 10000) in paragraph at lines 647--647
[]\T1/cmtt/m/n/10 Last command
 []


Underfull \hbox (badness 10000) in paragraph at lines 647--647
\T1/cmtt/m/n/10 commented as
 []


Underfull \hbox (badness 10000) in paragraph at lines 647--647
\T1/cmtt/m/n/10 C:/Whatever does not
 []


Underfull \hbox (badness 10000) in paragraph at lines 647--647
\T1/cmtt/m/n/10 exist obviously - so
 []


Underfull \hbox (badness 10000) in paragraph at lines 647--647
\T1/cmtt/m/n/10 would have resulted
 []


Underfull \hbox (badness 10000) in paragraph at lines 647--647

 []


Package xcolor Warning: Incompatible color definition on input line 649.


Overfull \hbox (40.39432pt too wide) in paragraph at lines 654--654
[]\T1/cmtt/m/n/10.95 ## [1] "/Library/Frameworks/R.framework/Versions/3.4/Resou
rces/library" 
 []


Overfull \hbox (36.63652pt too wide) in paragraph at lines 657--657
[][]\T1/cmtt/m/it/10.95 # I have two folders in my library path currently You c
an add your own[][] 
 []

[16]

Package xcolor Warning: Incompatible color definition on input line 684.


Package xcolor Warning: Incompatible color definition on input line 708.


Overfull \hbox (21.81845pt too wide) in paragraph at lines 725--726
[]\T1/cmr/m/n/10.95 Two arith-matic op-er-a-tors that many are not fa-mil-iar a
re:  [][][][][][]
 []


Overfull \hbox (4.1518pt too wide) in paragraph at lines 725--726
\T1/cmr/m/n/10.95 vides just the quo-tient for a di-vi-sion op-er-a-tion while 
the \T1/cmtt/m/n/10.95 remainder operator\T1/cmr/m/n/10.95 :
 []


Package xcolor Warning: Incompatible color definition on input line 728.


Overfull \hbox (14.00304pt too wide) in paragraph at lines 730--730
[][]\T1/cmtt/m/n/10.95 10[][]%/%[][]3[]  []\T1/cmtt/m/it/10.95 # Integer divisi
on - only gives the quotient as the output[][] 
 []


Underfull \hbox (badness 10000) in paragraph at lines 744--744
[]\T1/cmtt/m/n/10 Note the upper case
 []


Underfull \hbox (badness 10000) in paragraph at lines 744--744
\T1/cmtt/m/n/10 format for the two
 []


Underfull \hbox (badness 10000) in paragraph at lines 744--744

 []

[17

]

Package xcolor Warning: Incompatible color definition on input line 751.


Package xcolor Warning: Incompatible color definition on input line 764.


Package xcolor Warning: Incompatible color definition on input line 795.

[18]

Package xcolor Warning: Incompatible color definition on input line 804.


Package xcolor Warning: Incompatible color definition on input line 815.


Package xcolor Warning: Incompatible color definition on input line 825.


Package xcolor Warning: Incompatible color definition on input line 834.


Package xcolor Warning: Incompatible color definition on input line 846.


LaTeX Font Warning: Font shape `TS1/cmtt/bx/n' undefined
(Font)              using `TS1/cmtt/m/n' instead
(Font)              for symbol `textasciigrave' on input line 850.


Package xcolor Warning: Incompatible color definition on input line 860.


Package xcolor Warning: Incompatible color definition on input line 877.


Underfull \vbox (badness 10000) has occurred while \output is active []

 [19]

Package xcolor Warning: Incompatible color definition on input line 901.


Package xcolor Warning: Incompatible color definition on input line 917.


Package xcolor Warning: Incompatible color definition on input line 943.

[20] [21] [22

] [23] [24]

Package xcolor Warning: Incompatible color definition on input line 982.


Overfull \hbox (42.29489pt too wide) in paragraph at lines 984--984
[][]\T1/cmtt/m/n/10.95 revenue[] []<-[] []100[]  []\T1/cmtt/m/it/10.95 #Typical
 way of creating a variable and assigning value[][] 
 []


Underfull \vbox (badness 10000) has occurred while \output is active []

 [25

]

Package xcolor Warning: Incompatible color definition on input line 1010.


Overfull \hbox (30.97815pt too wide) in paragraph at lines 1012--1012
[][]\T1/cmtt/m/n/10.95 day.name[] []<-[] []"Sunday"[]  []\T1/cmtt/m/it/10.95 #A
ssigns the string Sunday to variable day.name[][] 
 []


Package xcolor Warning: Incompatible color definition on input line 1020.


Package xcolor Warning: Incompatible color definition on input line 1041.


Package xcolor Warning: Incompatible color definition on input line 1065.

[26]

Package xcolor Warning: Incompatible color definition on input line 1075.


Overfull \hbox (59.27pt too wide) in paragraph at lines 1084--1084
[][]\T1/cmtt/m/n/10.95 length[][](sleep.per.day)[]  []\T1/cmtt/m/it/10.95 #Gets
 the length (number of elements) of the vector[][] 
 []


Package xcolor Warning: Incompatible color definition on input line 1101.


Package xcolor Warning: Incompatible color definition on input line 1117.


Package xcolor Warning: Incompatible color definition on input line 1127.

[27] [28

] [29] [30

] [31] [32

] [33] [34]

Package xcolor Warning: Incompatible color definition on input line 1232.


Package xcolor Warning: Incompatible color definition on input line 1240.


Package xcolor Warning: Incompatible color definition on input line 1248.


Package xcolor Warning: Incompatible color definition on input line 1264.


Overfull \hbox (170.53685pt too wide) in paragraph at lines 1266--1266
[][]\T1/cmtt/m/n/10.95 plot[][]([][]x[] []= dep_delay[dep_delay[] []<[] []400[]
[]],[] []y[] []= arr_delay[dep_delay[] []<[] []400[][]],[] []xlab[] []=[] []"De
parture Delay"[][],[][] 
 []

<figure/unnamed-chunk-39-1.pdf, id=881, 505.89pt x 289.08pt>
File: figure/unnamed-chunk-39-1.pdf Graphic file (type pdf)

<use figure/unnamed-chunk-39-1.pdf>
Package pdftex.def Info: figure/unnamed-chunk-39-1.pdf used on input line 1270.

(pdftex.def)             Requested size: 361.35002pt x 206.48772pt.

Overfull \hbox (25.31978pt too wide) in paragraph at lines 1272--1272
[][]\T1/cmtt/m/it/10.95 # Focusing only on departure delay < 400 mins for more 
readable plot[][] 
 []

[35

]

Package xcolor Warning: Incompatible color definition on input line 1289.


Package xcolor Warning: Incompatible color definition on input line 1298.


Underfull \vbox (badness 1147) has occurred while \output is active []

 [36 <./figure/unnamed-chunk-39-1.pdf>]

Package xcolor Warning: Incompatible color definition on input line 1323.


Overfull \hbox (170.53685pt too wide) in paragraph at lines 1325--1325
[][]\T1/cmtt/m/n/10.95 plot[][]([][]x[] []= dep_delay[dep_delay[] []<[] []400[]
[]],[] []y[] []= arr_delay[dep_delay[] []<[] []400[][]],[] []xlab[] []=[] []"De
parture Delay"[][],[][] 
 []

<figure/unnamed-chunk-42-1.pdf, id=898, 505.89pt x 289.08pt>
File: figure/unnamed-chunk-42-1.pdf Graphic file (type pdf)

<use figure/unnamed-chunk-42-1.pdf>
Package pdftex.def Info: figure/unnamed-chunk-42-1.pdf used on input line 1330.

(pdftex.def)             Requested size: 361.35002pt x 206.48772pt.


Package xcolor Warning: Incompatible color definition on input line 1341.


Overfull \hbox (6.44409pt too wide) in paragraph at lines 1359--1359
[]\T1/cmtt/m/n/10.95 ## Signif. codes:  0 \TS1/cmtt/bx/n/10.95 '\T1/cmtt/m/n/10
.95 ***\TS1/cmtt/bx/n/10.95 ' \T1/cmtt/m/n/10.95 0.001 \TS1/cmtt/bx/n/10.95 '\T
1/cmtt/m/n/10.95 **\TS1/cmtt/bx/n/10.95 ' \T1/cmtt/m/n/10.95 0.01 \TS1/cmtt/bx/
n/10.95 '\T1/cmtt/m/n/10.95 *\TS1/cmtt/bx/n/10.95 ' \T1/cmtt/m/n/10.95 0.05 \TS
1/cmtt/bx/n/10.95 '\T1/cmtt/m/n/10.95 .\TS1/cmtt/bx/n/10.95 ' \T1/cmtt/m/n/10.9
5 0.1 \TS1/cmtt/bx/n/10.95 ' ' \T1/cmtt/m/n/10.95 1[] 
 []


Overfull \hbox (0.78572pt too wide) in paragraph at lines 1364--1364
[]\T1/cmtt/m/n/10.95 ## F-statistic: 1.382e+05 on 1 and 26396 DF,  p-value: < 2
.2e-16[] 
 []


Underfull \vbox (badness 10000) detected at line 1366
 []


Underfull \vbox (badness 10000) has occurred while \output is active []

 [37 <./figure/unnamed-chunk-42-1.pdf>]

Package xcolor Warning: Incompatible color definition on input line 1380.


Package xcolor Warning: Incompatible color definition on input line 1390.


Overfull \hbox (6.44409pt too wide) in paragraph at lines 1410--1410
[]\T1/cmtt/m/n/10.95 ## Signif. codes:  0 \TS1/cmtt/bx/n/10.95 '\T1/cmtt/m/n/10
.95 ***\TS1/cmtt/bx/n/10.95 ' \T1/cmtt/m/n/10.95 0.001 \TS1/cmtt/bx/n/10.95 '\T
1/cmtt/m/n/10.95 **\TS1/cmtt/bx/n/10.95 ' \T1/cmtt/m/n/10.95 0.01 \TS1/cmtt/bx/
n/10.95 '\T1/cmtt/m/n/10.95 *\TS1/cmtt/bx/n/10.95 ' \T1/cmtt/m/n/10.95 0.05 \TS
1/cmtt/bx/n/10.95 '\T1/cmtt/m/n/10.95 .\TS1/cmtt/bx/n/10.95 ' \T1/cmtt/m/n/10.9
5 0.1 \TS1/cmtt/bx/n/10.95 ' ' \T1/cmtt/m/n/10.95 1[] 
 []

[38]

Package xcolor Warning: Incompatible color definition on input line 1426.


Underfull \vbox (badness 10000) has occurred while \output is active []

 [39]

Package xcolor Warning: Incompatible color definition on input line 1471.


Overfull \hbox (17.76083pt too wide) in paragraph at lines 1474--1474
[][]\T1/cmtt/m/n/10.95 hist[][]([][]x[] []=[] []residuals[][](bpmodel),[] []xla
b[] []=[] []"Value of residual"[][],[] []main[] []=[] []""[][])[][] 
 []

<figure/unnamed-chunk-47-1.pdf, id=920, 505.89pt x 505.89pt>
File: figure/unnamed-chunk-47-1.pdf Graphic file (type pdf)

<use figure/unnamed-chunk-47-1.pdf>
Package pdftex.def Info: figure/unnamed-chunk-47-1.pdf used on input line 1480.

(pdftex.def)             Requested size: 361.35002pt x 361.35352pt.


Package xcolor Warning: Incompatible color definition on input line 1491.


Package xcolor Warning: Incompatible color definition on input line 1517.

<figure/unnamed-chunk-50-1.pdf, id=922, 505.89pt x 505.89pt>
File: figure/unnamed-chunk-50-1.pdf Graphic file (type pdf)

<use figure/unnamed-chunk-50-1.pdf>
Package pdftex.def Info: figure/unnamed-chunk-50-1.pdf used on input line 1522.

(pdftex.def)             Requested size: 361.35002pt x 361.35352pt.


Package xcolor Warning: Incompatible color definition on input line 1539.

[40] [41 <./figure/unnamed-chunk-47-1.pdf>] [42 <./figure/unnamed-chunk-50-1.pd
f>]
Overfull \hbox (6.44409pt too wide) in paragraph at lines 1559--1559
[]\T1/cmtt/m/n/10.95 ## Signif. codes:  0 \TS1/cmtt/bx/n/10.95 '\T1/cmtt/m/n/10
.95 ***\TS1/cmtt/bx/n/10.95 ' \T1/cmtt/m/n/10.95 0.001 \TS1/cmtt/bx/n/10.95 '\T
1/cmtt/m/n/10.95 **\TS1/cmtt/bx/n/10.95 ' \T1/cmtt/m/n/10.95 0.01 \TS1/cmtt/bx/
n/10.95 '\T1/cmtt/m/n/10.95 *\TS1/cmtt/bx/n/10.95 ' \T1/cmtt/m/n/10.95 0.05 \TS
1/cmtt/bx/n/10.95 '\T1/cmtt/m/n/10.95 .\TS1/cmtt/bx/n/10.95 ' \T1/cmtt/m/n/10.9
5 0.1 \TS1/cmtt/bx/n/10.95 ' ' \T1/cmtt/m/n/10.95 1[] 
 []


Package xcolor Warning: Incompatible color definition on input line 1578.

<figure/unnamed-chunk-52-1.pdf, id=948, 505.89pt x 289.08pt>
File: figure/unnamed-chunk-52-1.pdf Graphic file (type pdf)

<use figure/unnamed-chunk-52-1.pdf>
Package pdftex.def Info: figure/unnamed-chunk-52-1.pdf used on input line 1583.

(pdftex.def)             Requested size: 361.35002pt x 206.48772pt.


Package xcolor Warning: Incompatible color definition on input line 1596.


Underfull \vbox (badness 10000) has occurred while \output is active []

 [43]

Package xcolor Warning: Incompatible color definition on input line 1617.


Package xcolor Warning: Incompatible color definition on input line 1635.


Overfull \hbox (6.44409pt too wide) in paragraph at lines 1645--1645
[]\T1/cmtt/m/n/10.95 ## alternative hypothesis: true autocorrelation is greater
 than 0[] 
 []

[44 <./figure/unnamed-chunk-52-1.pdf>]

Package xcolor Warning: Incompatible color definition on input line 1657.


Package xcolor Warning: Incompatible color definition on input line 1677.


Overfull \hbox (57.36943pt too wide) in paragraph at lines 1683--1683
[]\T1/cmtt/m/n/10.95 ##           1           2           3           4        
   5           6 
 []


Overfull \hbox (57.36943pt too wide) in paragraph at lines 1684--1684
[]\T1/cmtt/m/n/10.95 ## -0.05685922 -0.01827616 -0.02433017 -0.04307776  0.0265
6855  0.01340052[] 
 []


Package xcolor Warning: Incompatible color definition on input line 1691.


Overfull \hbox (17.76083pt too wide) in paragraph at lines 1697--1697
[]\T1/cmtt/m/n/10.95 ##            1            2            3            4    
        5 
 []


Overfull \hbox (17.76083pt too wide) in paragraph at lines 1698--1698
[]\T1/cmtt/m/n/10.95 ## 1.081293e-03 1.118300e-04 1.981837e-04 6.209621e-04 2.3
62273e-04[] 
 []


Package xcolor Warning: Incompatible color definition on input line 1708.

[45]

Package xcolor Warning: Incompatible color definition on input line 1725.


Package xcolor Warning: Incompatible color definition on input line 1744.

<figure/unnamed-chunk-62-1.pdf, id=973, 505.89pt x 289.08pt>
File: figure/unnamed-chunk-62-1.pdf Graphic file (type pdf)

<use figure/unnamed-chunk-62-1.pdf>
Package pdftex.def Info: figure/unnamed-chunk-62-1.pdf used on input line 1750.

(pdftex.def)             Requested size: 361.35002pt x 206.48772pt.


Package xcolor Warning: Incompatible color definition on input line 1760.


Overfull \hbox (6.44409pt too wide) in paragraph at lines 1780--1780
[]\T1/cmtt/m/n/10.95 ## Signif. codes:  0 \TS1/cmtt/bx/n/10.95 '\T1/cmtt/m/n/10
.95 ***\TS1/cmtt/bx/n/10.95 ' \T1/cmtt/m/n/10.95 0.001 \TS1/cmtt/bx/n/10.95 '\T
1/cmtt/m/n/10.95 **\TS1/cmtt/bx/n/10.95 ' \T1/cmtt/m/n/10.95 0.01 \TS1/cmtt/bx/
n/10.95 '\T1/cmtt/m/n/10.95 *\TS1/cmtt/bx/n/10.95 ' \T1/cmtt/m/n/10.95 0.05 \TS
1/cmtt/bx/n/10.95 '\T1/cmtt/m/n/10.95 .\TS1/cmtt/bx/n/10.95 ' \T1/cmtt/m/n/10.9
5 0.1 \TS1/cmtt/bx/n/10.95 ' ' \T1/cmtt/m/n/10.95 1[] 
 []

[46]

Package xcolor Warning: Incompatible color definition on input line 1795.

<figure/unnamed-chunk-64-1.pdf, id=980, 505.89pt x 289.08pt>
File: figure/unnamed-chunk-64-1.pdf Graphic file (type pdf)

<use figure/unnamed-chunk-64-1.pdf>
Package pdftex.def Info: figure/unnamed-chunk-64-1.pdf used on input line 1801.

(pdftex.def)             Requested size: 361.35002pt x 206.48772pt.
 [47 <./figure/unnamed-chunk-62-1.pdf>]

Package xcolor Warning: Incompatible color definition on input line 1816.


Overfull \hbox (6.44409pt too wide) in paragraph at lines 1837--1837
[]\T1/cmtt/m/n/10.95 ## Signif. codes:  0 \TS1/cmtt/bx/n/10.95 '\T1/cmtt/m/n/10
.95 ***\TS1/cmtt/bx/n/10.95 ' \T1/cmtt/m/n/10.95 0.001 \TS1/cmtt/bx/n/10.95 '\T
1/cmtt/m/n/10.95 **\TS1/cmtt/bx/n/10.95 ' \T1/cmtt/m/n/10.95 0.01 \TS1/cmtt/bx/
n/10.95 '\T1/cmtt/m/n/10.95 *\TS1/cmtt/bx/n/10.95 ' \T1/cmtt/m/n/10.95 0.05 \TS
1/cmtt/bx/n/10.95 '\T1/cmtt/m/n/10.95 .\TS1/cmtt/bx/n/10.95 ' \T1/cmtt/m/n/10.9
5 0.1 \TS1/cmtt/bx/n/10.95 ' ' \T1/cmtt/m/n/10.95 1[] 
 []


Underfull \vbox (badness 10000) has occurred while \output is active []

 [48 <./figure/unnamed-chunk-64-1.pdf>]

Package xcolor Warning: Incompatible color definition on input line 1854.


Overfull \hbox (80.00291pt too wide) in paragraph at lines 1856--1856
[][]\T1/cmtt/m/n/10.95 trees[][]$[][]is.tall[] []<-[] []cut[][](trees[][]$[][]H
eight,[] []breaks[] []=[] []c[][]([][]-[][]Inf[][],[] []80[][],[] []Inf[][]),[]
 []labels[] []=[] []c[][]([][]"no"[][],[][] 
 []


Package xcolor Warning: Incompatible color definition on input line 1868.


Overfull \hbox (6.44409pt too wide) in paragraph at lines 1888--1888
[]\T1/cmtt/m/n/10.95 ## Signif. codes:  0 \TS1/cmtt/bx/n/10.95 '\T1/cmtt/m/n/10
.95 ***\TS1/cmtt/bx/n/10.95 ' \T1/cmtt/m/n/10.95 0.001 \TS1/cmtt/bx/n/10.95 '\T
1/cmtt/m/n/10.95 **\TS1/cmtt/bx/n/10.95 ' \T1/cmtt/m/n/10.95 0.01 \TS1/cmtt/bx/
n/10.95 '\T1/cmtt/m/n/10.95 *\TS1/cmtt/bx/n/10.95 ' \T1/cmtt/m/n/10.95 0.05 \TS
1/cmtt/bx/n/10.95 '\T1/cmtt/m/n/10.95 .\TS1/cmtt/bx/n/10.95 ' \T1/cmtt/m/n/10.9
5 0.1 \TS1/cmtt/bx/n/10.95 ' ' \T1/cmtt/m/n/10.95 1[] 
 []

[49]

Package xcolor Warning: Incompatible color definition on input line 1903.


Overfull \hbox (6.44409pt too wide) in paragraph at lines 1906--1906
[][]\T1/cmtt/m/n/10.95 treestall[[[][]"yes"[][]]][][]$[][]fit[] []<-[] []predic
t[][](treesdummy, treestall[[[][]"yes"[][]]])[][] 
 []

<figure/unnamed-chunk-68-1.pdf, id=1008, 505.89pt x 289.08pt>
File: figure/unnamed-chunk-68-1.pdf Graphic file (type pdf)

<use figure/unnamed-chunk-68-1.pdf>
Package pdftex.def Info: figure/unnamed-chunk-68-1.pdf used on input line 1915.

(pdftex.def)             Requested size: 361.35002pt x 206.48772pt.


Package xcolor Warning: Incompatible color definition on input line 1928.

[50 <./figure/unnamed-chunk-68-1.pdf>]
Overfull \hbox (23.4192pt too wide) in paragraph at lines 1930--1930
[][]\T1/cmtt/m/n/10.95 treeslog[] []<-[] []lm[][]([][]log[][](Volume)[] []~[] [
]log[][](Girth)[] []+[] []log[][](Height),[] []data[] []= trees)[][] 
 []


Overfull \hbox (29.07758pt too wide) in paragraph at lines 1936--1936
[]\T1/cmtt/m/n/10.95 ## lm(formula = log(Volume) ~ log(Girth) + log(Height), da
ta = trees)[] 
 []


Overfull \hbox (6.44409pt too wide) in paragraph at lines 1948--1948
[]\T1/cmtt/m/n/10.95 ## Signif. codes:  0 \TS1/cmtt/bx/n/10.95 '\T1/cmtt/m/n/10
.95 ***\TS1/cmtt/bx/n/10.95 ' \T1/cmtt/m/n/10.95 0.001 \TS1/cmtt/bx/n/10.95 '\T
1/cmtt/m/n/10.95 **\TS1/cmtt/bx/n/10.95 ' \T1/cmtt/m/n/10.95 0.01 \TS1/cmtt/bx/
n/10.95 '\T1/cmtt/m/n/10.95 *\TS1/cmtt/bx/n/10.95 ' \T1/cmtt/m/n/10.95 0.05 \TS
1/cmtt/bx/n/10.95 '\T1/cmtt/m/n/10.95 .\TS1/cmtt/bx/n/10.95 ' \T1/cmtt/m/n/10.9
5 0.1 \TS1/cmtt/bx/n/10.95 ' ' \T1/cmtt/m/n/10.95 1[] 
 []


Underfull \hbox (badness 1005) in paragraph at lines 1961--1961
[]\T1/cmr/bx/n/10 step\T1/cmr/m/n/10 : step-wise method
 []


Package xcolor Warning: Incompatible color definition on input line 1969.

[51]
Overfull \hbox (29.07758pt too wide) in paragraph at lines 1983--1983
[]\T1/cmtt/m/n/10.95 ## lm(formula = log(Volume) ~ log(Girth) + log(Height), da
ta = trees)[] 
 []


Package xcolor Warning: Incompatible color definition on input line 1997.


Overfull \hbox (64.92838pt too wide) in paragraph at lines 1999--1999
[][]\T1/cmtt/m/n/10.95 emptymodel[] []<-[] []lm[][]([][]log[][](Volume)[] []~[]
 []1[][],[] []data[] []= trees)[]  []\T1/cmtt/m/it/10.95 #Start with an empty m
odel[][] 
 []


Overfull \hbox (108.29477pt too wide) in paragraph at lines 2000--2000
[][]\T1/cmtt/m/n/10.95 step[][]([][]object[] []= emptymodel,[] []direction[] []
=[] []"forward"[][],[] []scope[] []=[] []log[][](Volume)[] []~[] []log[][](Girt
h)[] []+[][] 
 []


Overfull \hbox (29.07758pt too wide) in paragraph at lines 2023--2023
[]\T1/cmtt/m/n/10.95 ## lm(formula = log(Volume) ~ log(Girth) + log(Height), da
ta = trees)[] 
 []


Underfull \vbox (badness 10000) detected at line 2029
 []


Underfull \vbox (badness 10000) has occurred while \output is active []

 [52]

Package xcolor Warning: Incompatible color definition on input line 2039.


Overfull \hbox (17.76083pt too wide) in paragraph at lines 2042--2042
[][]\T1/cmtt/m/n/10.95 model.A[] []<-[] []lm[][]([][]log[][](Volume)[] []~[] []
log[][](Girth)[] []+[] []log[][](Height),[] []data[] []= trees)[][] 
 []


Overfull \hbox (102.6364pt too wide) in paragraph at lines 2043--2043
[][]\T1/cmtt/m/n/10.95 model.B[] []<-[] []lm[][]([][]log[][](Volume)[] []~[] []
log[][](Girth)[] []+[] []log[][](Height)[] []+[] []trees[][]$[][]random,[] []da
ta[] []= trees)[][] 
 []


Package xcolor Warning: Incompatible color definition on input line 2051.


Package xcolor Warning: Incompatible color definition on input line 2070.


Overfull \hbox (6.44409pt too wide) in paragraph at lines 2079--2079
[]\T1/cmtt/m/n/10.95 ## Model 2: log(Volume) ~ log(Girth) + log(Height) + trees
$random[] 
 []


Underfull \vbox (badness 10000) has occurred while \output is active []

 [53]
[54]

Package xcolor Warning: Incompatible color definition on input line 2133.

<figure/unnamed-chunk-75-1.pdf, id=1042, 505.89pt x 289.08pt>
File: figure/unnamed-chunk-75-1.pdf Graphic file (type pdf)

<use figure/unnamed-chunk-75-1.pdf>
Package pdftex.def Info: figure/unnamed-chunk-75-1.pdf used on input line 2141.

(pdftex.def)             Requested size: 361.35002pt x 206.48772pt.


Package xcolor Warning: Incompatible color definition on input line 2151.


Package xcolor Warning: Incompatible color definition on input line 2166.


Underfull \vbox (badness 1117) has occurred while \output is active []

 [55

]
Overfull \hbox (113.95314pt too wide) in paragraph at lines 2169--2169
[][]\T1/cmtt/m/n/10.95 logit.model[] []<-[] []glm[][](admit[] []~[] []gre[] []+
[] []gpa[] []+[] []rank,[] []data[] []= admit.data,[] []family[] []=[] []"binom
ial"[][])[][] 
 []


Overfull \hbox (6.44409pt too wide) in paragraph at lines 2191--2191
[]\T1/cmtt/m/n/10.95 ## Signif. codes:  0 \TS1/cmtt/bx/n/10.95 '\T1/cmtt/m/n/10
.95 ***\TS1/cmtt/bx/n/10.95 ' \T1/cmtt/m/n/10.95 0.001 \TS1/cmtt/bx/n/10.95 '\T
1/cmtt/m/n/10.95 **\TS1/cmtt/bx/n/10.95 ' \T1/cmtt/m/n/10.95 0.01 \TS1/cmtt/bx/
n/10.95 '\T1/cmtt/m/n/10.95 *\TS1/cmtt/bx/n/10.95 ' \T1/cmtt/m/n/10.95 0.05 \TS
1/cmtt/bx/n/10.95 '\T1/cmtt/m/n/10.95 .\TS1/cmtt/bx/n/10.95 ' \T1/cmtt/m/n/10.9
5 0.1 \TS1/cmtt/bx/n/10.95 ' ' \T1/cmtt/m/n/10.95 1[] 
 []


Underfull \vbox (badness 10000) detected at line 2201
 []


Underfull \vbox (badness 10000) has occurred while \output is active []

 [56 <./figure/unnamed-chunk-75-1.pdf>]

Package xcolor Warning: Incompatible color definition on input line 2210.


Overfull \hbox (46.05269pt too wide) in paragraph at lines 2213--2213
[][]\T1/cmtt/m/n/10.95 wald.test[][]([][]b[] []=[] []coef[][](logit.model),[] [
]Sigma[] []=[] []vcov[][](logit.model),[] []Terms[] []=[] []4[][]:[][]6[][])[][
] 
 []


Package xcolor Warning: Incompatible color definition on input line 2227.


Overfull \hbox (57.36943pt too wide) in paragraph at lines 2230--2230
[][]\T1/cmtt/m/n/10.95 wald.test[][]([][]b[] []=[] []coef[][](logit.model),[] [
]Sigma[] []=[] []vcov[][](logit.model),[] []L[] []= coefflist)[][] 
 []


Package xcolor Warning: Incompatible color definition on input line 2244.


Underfull \vbox (badness 10000) has occurred while \output is active []

 [57]
Overfull \hbox (57.36943pt too wide) in paragraph at lines 2249--2249
[]\T1/cmtt/m/n/10.95 ## (Intercept)         gre         gpa       rank2       r
ank3       rank4 
 []


Overfull \hbox (57.36943pt too wide) in paragraph at lines 2250--2250
[]\T1/cmtt/m/n/10.95 ##   0.0185001   1.0022670   2.2345448   0.5089310   0.261
7923   0.2119375[] 
 []


Package xcolor Warning: Incompatible color definition on input line 2274.

<figure/unnamed-chunk-81-1.pdf, id=1062, 505.89pt x 289.08pt>
File: figure/unnamed-chunk-81-1.pdf Graphic file (type pdf)

<use figure/unnamed-chunk-81-1.pdf>
Package pdftex.def Info: figure/unnamed-chunk-81-1.pdf used on input line 2282.

(pdftex.def)             Requested size: 361.35002pt x 206.48772pt.


Package xcolor Warning: Incompatible color definition on input line 2292.

[58 <./figure/unnamed-chunk-81-1.pdf>]
Overfull \hbox (204.48708pt too wide) in paragraph at lines 2294--2294
[][]\T1/cmtt/m/n/10.95 probit.model[] []<-[] []glm[][](admit[] []~[] []gre[] []
+[] []gpa[] []+[] []rank,[] []data[] []= admit.data,[] []family[] []=[] []binom
ial[][]([][]link[] []=[] []"probit"[][]))[][] 
 []


Overfull \hbox (80.00291pt too wide) in paragraph at lines 2300--2300
[]\T1/cmtt/m/n/10.95 ## glm(formula = admit ~ gre + gpa + rank, family = binomi
al(link = "probit"),[] 
 []


Overfull \hbox (6.44409pt too wide) in paragraph at lines 2316--2316
[]\T1/cmtt/m/n/10.95 ## Signif. codes:  0 \TS1/cmtt/bx/n/10.95 '\T1/cmtt/m/n/10
.95 ***\TS1/cmtt/bx/n/10.95 ' \T1/cmtt/m/n/10.95 0.001 \TS1/cmtt/bx/n/10.95 '\T
1/cmtt/m/n/10.95 **\TS1/cmtt/bx/n/10.95 ' \T1/cmtt/m/n/10.95 0.01 \TS1/cmtt/bx/
n/10.95 '\T1/cmtt/m/n/10.95 *\TS1/cmtt/bx/n/10.95 ' \T1/cmtt/m/n/10.95 0.05 \TS
1/cmtt/bx/n/10.95 '\T1/cmtt/m/n/10.95 .\TS1/cmtt/bx/n/10.95 ' \T1/cmtt/m/n/10.9
5 0.1 \TS1/cmtt/bx/n/10.95 ' ' \T1/cmtt/m/n/10.95 1[] 
 []


Package xcolor Warning: Incompatible color definition on input line 2331.


Underfull \vbox (badness 10000) has occurred while \output is active []

 [59]
[60]

Package xcolor Warning: Incompatible color definition on input line 2376.

[61]

Package xcolor Warning: Incompatible color definition on input line 2404.


Overfull \hbox (51.71106pt too wide) in paragraph at lines 2410--2410
[]\T1/cmtt/m/n/10.95 ##   week arrest fin age race wexp mar paro prio educ emp1
 emp2 emp3 emp4 
 []


Overfull \hbox (51.71106pt too wide) in paragraph at lines 2411--2411
[]\T1/cmtt/m/n/10.95 ## 1   20      1   0  27    1    0   0    1    3    3    0
    0    0    0[] 
 []


Overfull \hbox (51.71106pt too wide) in paragraph at lines 2412--2412
[]\T1/cmtt/m/n/10.95 ## 2   17      1   0  18    1    0   0    1    8    4    0
    0    0    0[] 
 []


Overfull \hbox (51.71106pt too wide) in paragraph at lines 2413--2413
[]\T1/cmtt/m/n/10.95 ## 3   25      1   0  19    0    1   0    1   13    3    0
    0    0    0[] 
 []


Overfull \hbox (51.71106pt too wide) in paragraph at lines 2414--2414
[]\T1/cmtt/m/n/10.95 ## 4   52      0   1  23    1    1   1    1    1    5    0
    0    0    0[] 
 []


Overfull \hbox (51.71106pt too wide) in paragraph at lines 2415--2415
[]\T1/cmtt/m/n/10.95 ## 5   52      0   0  19    0    1   0    1    3    3    0
    0    0    0[] 
 []


Package xcolor Warning: Incompatible color definition on input line 2430.


Underfull \vbox (badness 10000) detected at line 2447
 []


Underfull \vbox (badness 10000) has occurred while \output is active []

 [62]

Package xcolor Warning: Incompatible color definition on input line 2452.


Package xcolor Warning: Incompatible color definition on input line 2461.


Overfull \hbox (74.34454pt too wide) in paragraph at lines 2463--2463
[][]\T1/cmtt/m/n/10.95 mod.first[] []<-[] []coxph[][](rossi.surv[] []~[] []fin[
] []+[] []age[] []+[] []race[] []+[] []wexp[] []+[] []mar[] []+[] []paro[] []+[
] []prio[] []+[][] 
 []


Overfull \hbox (6.44409pt too wide) in paragraph at lines 2484--2484
[]\T1/cmtt/m/n/10.95 ## Signif. codes:  0 \TS1/cmtt/bx/n/10.95 '\T1/cmtt/m/n/10
.95 ***\TS1/cmtt/bx/n/10.95 ' \T1/cmtt/m/n/10.95 0.001 \TS1/cmtt/bx/n/10.95 '\T
1/cmtt/m/n/10.95 **\TS1/cmtt/bx/n/10.95 ' \T1/cmtt/m/n/10.95 0.01 \TS1/cmtt/bx/
n/10.95 '\T1/cmtt/m/n/10.95 *\TS1/cmtt/bx/n/10.95 ' \T1/cmtt/m/n/10.95 0.05 \TS
1/cmtt/bx/n/10.95 '\T1/cmtt/m/n/10.95 .\TS1/cmtt/bx/n/10.95 ' \T1/cmtt/m/n/10.9
5 0.1 \TS1/cmtt/bx/n/10.95 ' ' \T1/cmtt/m/n/10.95 1[] 
 []


Underfull \vbox (badness 10000) detected at line 2502
 []


Overfull \vbox (0.24258pt too high) detected at line 2502
 []

[63]

Package xcolor Warning: Incompatible color definition on input line 2516.


Overfull \hbox (323.31287pt too wide) in paragraph at lines 2518--2518
[][]\T1/cmtt/m/n/10.95 plot[][]([][]survfit[][](mod.first),[] []ylim[] []=[] []
c[][]([][]0.75[][],[] []1[][]),[] []xlab[] []=[] []"Weeks of Observation"[][],[
] []ylab[] []=[] []"Proportion of Subject Not Rearrested"[][])[][] 
 []

<figure/unnamed-chunk-90-1.pdf, id=1099, 505.89pt x 289.08pt>
File: figure/unnamed-chunk-90-1.pdf Graphic file (type pdf)

<use figure/unnamed-chunk-90-1.pdf>
Package pdftex.def Info: figure/unnamed-chunk-90-1.pdf used on input line 2521.

(pdftex.def)             Requested size: 361.35002pt x 206.48772pt.


Package xcolor Warning: Incompatible color definition on input line 2534.

[64]
Overfull \hbox (136.58662pt too wide) in paragraph at lines 2537--2537
[][]\T1/cmtt/m/n/10.95 rossi.long[] []<-[] []reshape[][]([][]data[] []= rossi,[
] []varying[] []=[] []paste0[][]([][]"emp"[][],[] []1[][]:[][]52[][]),[] []v.na
mes[] []=[] []"employed"[][],[][] 
 []


Overfull \hbox (6.44409pt too wide) in paragraph at lines 2538--2538
[]    []\T1/cmtt/m/n/10.95 timevar[] []=[] []"time"[][],[] []idvar[] []=[] []"i
d"[][],[] []direction[] []=[] []"long"[][],[] []sep[] []=[] []""[][])[][] 
 []


Overfull \hbox (46.05269pt too wide) in paragraph at lines 2549--2549
[]\T1/cmtt/m/n/10.95 ##     week arrest fin age race wexp mar paro prio educ ti
me employed id 
 []


Overfull \hbox (46.05269pt too wide) in paragraph at lines 2550--2550
[]\T1/cmtt/m/n/10.95 ## 1.1   20      1   0  27    1    0   0    1    3    3   
 1        0  1[] 
 []


Overfull \hbox (46.05269pt too wide) in paragraph at lines 2551--2551
[]\T1/cmtt/m/n/10.95 ## 1.2   20      1   0  27    1    0   0    1    3    3   
 2        0  1[] 
 []


Overfull \hbox (46.05269pt too wide) in paragraph at lines 2552--2552
[]\T1/cmtt/m/n/10.95 ## 1.3   20      1   0  27    1    0   0    1    3    3   
 3        0  1[] 
 []


Overfull \hbox (46.05269pt too wide) in paragraph at lines 2553--2553
[]\T1/cmtt/m/n/10.95 ## 1.4   20      1   0  27    1    0   0    1    3    3   
 4        0  1[] 
 []


Overfull \hbox (46.05269pt too wide) in paragraph at lines 2554--2554
[]\T1/cmtt/m/n/10.95 ## 1.5   20      1   0  27    1    0   0    1    3    3   
 5        0  1[] 
 []


Overfull \hbox (46.05269pt too wide) in paragraph at lines 2555--2555
[]\T1/cmtt/m/n/10.95 ## 1.6   20      1   0  27    1    0   0    1    3    3   
 6        0  1[] 
 []


Package xcolor Warning: Incompatible color definition on input line 2562.


Overfull \hbox (63.0278pt too wide) in paragraph at lines 2567--2567
[][]\T1/cmtt/m/n/10.95 rossi.long[] []<-[] []ddply[][]([][].data[] []= rossi.lo
ng,[] [].variables[] []=[] []c[][]([][]"id"[][]),[] [].drop[] []=[] []TRUE[][],
[][] 
 []


Overfull \hbox (30.97815pt too wide) in paragraph at lines 2569--2569
[]        []\T1/cmtt/m/n/10.95 DF[][]$[][]start[] []<-[] []c[][]([][]0[][],[] [
]head[][](DF[][]$[][]time,[] []-[][]1[][]))[]  []\T1/cmtt/m/it/10.95 # Start of
 each interval[][] 
 []


Overfull \hbox (47.95326pt too wide) in paragraph at lines 2572--2572
[]        []\T1/cmtt/m/n/10.95 DF[[][]nrow[][](DF),[] []"event"[][]][] []<-[] [
]DF[[][]nrow[][](DF),[] []"arrest"[][]][]  []\T1/cmtt/m/it/10.95 # Arrest value
 [][] 
 []


Overfull \hbox (0.78572pt too wide) in paragraph at lines 2573--2573
[]        []\T1/cmtt/m/n/10.95 DF[][]$[][]employed.lag1[] []<-[] []c[][]([][]re
p[][]([][]NA[][],[] []1[][]),[] []head[][](DF[][]$[][]employed,[] []-[][]1[][])
)[][] 
 []


Overfull \hbox (68.68617pt too wide) in paragraph at lines 2576--2576
[][]\T1/cmtt/m/n/10.95 rossi.long[rossi.long[][]$[][]id[] []==[] []2[][],[] []c
[][]([][]"id"[][],[] []"start"[][],[] []"stop"[][],[] []"event"[][],[] []"emplo
yed"[][],[][] 
 []


Underfull \vbox (badness 10000) detected at line 2599
 []


Underfull \vbox (badness 2452) has occurred while \output is active []

 [65 <./figure/unnamed-chunk-90-1.pdf>]

Package xcolor Warning: Incompatible color definition on input line 2607.


Overfull \hbox (74.34454pt too wide) in paragraph at lines 2609--2609
[][]\T1/cmtt/m/n/10.95 mod.timed[] []<-[] []coxph[][]([][]Surv[][](start, stop,
 event)[] []~[] []fin[] []+[] []age[] []+[] []race[] []+[] []wexp[] []+[] []mar
[] []+[][] 
 []


Overfull \hbox (0.78572pt too wide) in paragraph at lines 2615--2615
[]\T1/cmtt/m/n/10.95 ## coxph(formula = Surv(start, stop, event) ~ fin + age + 
race +[] 
 []


Overfull \hbox (6.44409pt too wide) in paragraph at lines 2630--2630
[]\T1/cmtt/m/n/10.95 ## Signif. codes:  0 \TS1/cmtt/bx/n/10.95 '\T1/cmtt/m/n/10
.95 ***\TS1/cmtt/bx/n/10.95 ' \T1/cmtt/m/n/10.95 0.001 \TS1/cmtt/bx/n/10.95 '\T
1/cmtt/m/n/10.95 **\TS1/cmtt/bx/n/10.95 ' \T1/cmtt/m/n/10.95 0.01 \TS1/cmtt/bx/
n/10.95 '\T1/cmtt/m/n/10.95 *\TS1/cmtt/bx/n/10.95 ' \T1/cmtt/m/n/10.95 0.05 \TS
1/cmtt/bx/n/10.95 '\T1/cmtt/m/n/10.95 .\TS1/cmtt/bx/n/10.95 ' \T1/cmtt/m/n/10.9
5 0.1 \TS1/cmtt/bx/n/10.95 ' ' \T1/cmtt/m/n/10.95 1[] 
 []


Underfull \vbox (badness 10000) detected at line 2648
 []


Underfull \vbox (badness 10000) has occurred while \output is active []

 [66]

Package xcolor Warning: Incompatible color definition on input line 2654.


Overfull \hbox (91.31966pt too wide) in paragraph at lines 2656--2656
[][]\T1/cmtt/m/n/10.95 mod.lagtimed[] []<-[] []coxph[][]([][]Surv[][](start, st
op, event)[] []~[] []fin[] []+[] []age[] []+[] []race[] []+[] []wexp[] []+[] []
mar[] []+[][] 
 []


Overfull \hbox (0.78572pt too wide) in paragraph at lines 2662--2662
[]\T1/cmtt/m/n/10.95 ## coxph(formula = Surv(start, stop, event) ~ fin + age + 
race +[] 
 []


Overfull \hbox (17.76083pt too wide) in paragraph at lines 2663--2663
[]\T1/cmtt/m/n/10.95 ##     wexp + mar + paro + prio + employed.lag1, data = ro
ssi.long)[] 
 []


Overfull \hbox (0.78572pt too wide) in paragraph at lines 2676--2676
[]\T1/cmtt/m/n/10.95 ## employed.lag1 -0.78689   0.45526  0.21808 -3.608 0.0003
08 ***[] 
 []


Overfull \hbox (6.44409pt too wide) in paragraph at lines 2678--2678
[]\T1/cmtt/m/n/10.95 ## Signif. codes:  0 \TS1/cmtt/bx/n/10.95 '\T1/cmtt/m/n/10
.95 ***\TS1/cmtt/bx/n/10.95 ' \T1/cmtt/m/n/10.95 0.001 \TS1/cmtt/bx/n/10.95 '\T
1/cmtt/m/n/10.95 **\TS1/cmtt/bx/n/10.95 ' \T1/cmtt/m/n/10.95 0.01 \TS1/cmtt/bx/
n/10.95 '\T1/cmtt/m/n/10.95 *\TS1/cmtt/bx/n/10.95 ' \T1/cmtt/m/n/10.95 0.05 \TS
1/cmtt/bx/n/10.95 '\T1/cmtt/m/n/10.95 .\TS1/cmtt/bx/n/10.95 ' \T1/cmtt/m/n/10.9
5 0.1 \TS1/cmtt/bx/n/10.95 ' ' \T1/cmtt/m/n/10.95 1[] 
 []


Underfull \vbox (badness 10000) detected at line 2696
 []


Underfull \vbox (badness 10000) has occurred while \output is active []

 [67]

Package xcolor Warning: Incompatible color definition on input line 2705.


Overfull \hbox (40.39432pt too wide) in paragraph at lines 2707--2707
[][]\T1/cmtt/m/n/10.95 mod.small[] []<-[] []coxph[][]([][]Surv[][](week, arrest
)[] []~[] []fin[] []+[] []age[] []+[] []prio,[] []data[] []= rossi)[][] 
 []


Overfull \hbox (40.39432pt too wide) in paragraph at lines 2712--2712
[]\T1/cmtt/m/n/10.95 ## coxph(formula = Surv(week, arrest) ~ fin + age + prio, 
data = rossi)[] 
 []


Package xcolor Warning: Incompatible color definition on input line 2731.

[68]

Package xcolor Warning: Incompatible color definition on input line 2750.

<figure/unnamed-chunk-97-1.pdf, id=1129, 505.89pt x 505.89pt>
File: figure/unnamed-chunk-97-1.pdf Graphic file (type pdf)

<use figure/unnamed-chunk-97-1.pdf>
Package pdftex.def Info: figure/unnamed-chunk-97-1.pdf used on input line 2756.

(pdftex.def)             Requested size: 361.35002pt x 361.35352pt.


Package xcolor Warning: Incompatible color definition on input line 2768.


Overfull \hbox (153.56174pt too wide) in paragraph at lines 2770--2770
[][]\T1/cmtt/m/n/10.95 mod.int[] []<-[] []coxph[][]([][]Surv[][](start, stop, e
vent)[] []~[] []fin[] []+[] []age[] []+[] []prio[] []+[] []age[][]:[][]stop,[] 
[]data[] []= rossi.long)[][] 
 []


Overfull \hbox (0.78572pt too wide) in paragraph at lines 2775--2775
[]\T1/cmtt/m/n/10.95 ## coxph(formula = Surv(start, stop, event) ~ fin + age + 
prio +[] 
 []


Package xcolor Warning: Incompatible color definition on input line 2793.


Underfull \vbox (badness 3098) has occurred while \output is active []

 [69]

Package xcolor Warning: Incompatible color definition on input line 2817.

<figure/unnamed-chunk-100-1.pdf, id=1137, 505.89pt x 505.89pt>
File: figure/unnamed-chunk-100-1.pdf Graphic file (type pdf)

<use figure/unnamed-chunk-100-1.pdf>
Package pdftex.def Info: figure/unnamed-chunk-100-1.pdf used on input line 2827
.
(pdftex.def)             Requested size: 361.35002pt x 361.35352pt.

Underfull \vbox (badness 10000) has occurred while \output is active []

 [70 <./figure/unnamed-chunk-97-1.pdf>]
Underfull \vbox (badness 10000) has occurred while \output is active []

 [71 <./figure/unnamed-chunk-100-1.pdf>] [72] [73

] [74] [75

] [76

]
Underfull \vbox (badness 10000) has occurred while \output is active []

 [77]
[78]

Package xcolor Warning: Incompatible color definition on input line 2938.


Overfull \hbox (64.92838pt too wide) in paragraph at lines 2942--2942
[][]\T1/cmtt/m/it/10.95 # str(wbcd) # Lets check what we have in this dataset S
tr command commented[][] 
 []


Package xcolor Warning: Incompatible color definition on input line 2950.


Package xcolor Warning: Incompatible color definition on input line 2959.


Overfull \hbox (108.29477pt too wide) in paragraph at lines 2969--2969
[][]\T1/cmtt/m/n/10.95 wbcd[][]$[][]diagnosis[] []<-[] []factor[][](wbcd[][]$[]
[]diagnosis,[] []levels[] []=[] []c[][]([][]"B"[][],[] []"M"[][]),[] []labels[]
 []=[] []c[][]([][]"Benign"[][],[][] 
 []


Package xcolor Warning: Incompatible color definition on input line 2985.


Package xcolor Warning: Incompatible color definition on input line 3004.

[79]
Overfull \hbox (6.44409pt too wide) in paragraph at lines 3010--3010
[][]\T1/cmtt/m/n/10.95 summary[][](wbcd_n[[][]c[][]([][]"radius_mean"[][],[] []
"area_mean"[][],[] []"smoothness_mean"[][])])[][] 
 []


Package xcolor Warning: Incompatible color definition on input line 3030.


Package xcolor Warning: Incompatible color definition on input line 3040.


Package xcolor Warning: Incompatible color definition on input line 3052.


Package xcolor Warning: Incompatible color definition on input line 3063.


Overfull \hbox (108.29477pt too wide) in paragraph at lines 3065--3065
[][]\T1/cmtt/m/n/10.95 wbcd_test_pred[] []<-[] []knn[][]([][]train[] []= wbcd_t
rain,[] []test[] []= wbcd_test,[] []cl[] []= wbcd_train_labels,[][] 
 []


Package xcolor Warning: Incompatible color definition on input line 3075.

[80]
Overfull \hbox (46.05269pt too wide) in paragraph at lines 3079--3079
[][]\T1/cmtt/m/n/10.95 CrossTable[][]([][]x[] []= wbcd_test_labels,[] []y[] []=
 wbcd_test_pred,[] []prop.chisq[] []=[] []FALSE[][])[][] 
 []


Package xcolor Warning: Incompatible color definition on input line 3124.


Underfull \vbox (badness 10000) has occurred while \output is active []

 [81]

Package xcolor Warning: Incompatible color definition on input line 3133.


Package xcolor Warning: Incompatible color definition on input line 3143.


Overfull \hbox (108.29477pt too wide) in paragraph at lines 3145--3145
[][]\T1/cmtt/m/n/10.95 wbcd_test_pred[] []<-[] []knn[][]([][]train[] []= wbcd_t
rain,[] []test[] []= wbcd_test,[] []cl[] []= wbcd_train_labels,[][] 
 []


Package xcolor Warning: Incompatible color definition on input line 3153.


Overfull \hbox (46.05269pt too wide) in paragraph at lines 3155--3155
[][]\T1/cmtt/m/n/10.95 CrossTable[][]([][]x[] []= wbcd_test_labels,[] []y[] []=
 wbcd_test_pred,[] []prop.chisq[] []=[] []FALSE[][])[][] 
 []

[82] [83] [84

] [85] [86

] [87] [88

] [89] [90

] [91] [92

] [93] [94

] [95] [96]
[97

] [98

] [99] [100

] [101] [102] [103

] [104

]

Package xcolor Warning: Incompatible color definition on input line 3403.


Package xcolor Warning: Incompatible color definition on input line 3416.


Package xcolor Warning: Incompatible color definition on input line 3426.


Underfull \vbox (badness 10000) has occurred while \output is active []

 [105]

Package xcolor Warning: Incompatible color definition on input line 3445.


Overfull \hbox (63.0278pt too wide) in paragraph at lines 3450--3450
[]\T1/cmtt/m/n/10.95 ##   X year month day dep_time dep_delay arr_time arr_dela
y carrier tailnum 
 []


Overfull \hbox (63.0278pt too wide) in paragraph at lines 3451--3451
[]\T1/cmtt/m/n/10.95 ## 1 1 2013     1   1      517         2      830        1
1      UA  N14228[] 
 []


Overfull \hbox (63.0278pt too wide) in paragraph at lines 3452--3452
[]\T1/cmtt/m/n/10.95 ## 2 2 2013     1   1      533         4      850        2
0      UA  N24211[] 
 []


Overfull \hbox (63.0278pt too wide) in paragraph at lines 3453--3453
[]\T1/cmtt/m/n/10.95 ## 3 3 2013     1   1      542         2      923        3
3      AA  N619AA[] 
 []


Overfull \hbox (63.0278pt too wide) in paragraph at lines 3454--3454
[]\T1/cmtt/m/n/10.95 ## 4 4 2013     1   1      544        -1     1004       -1
8      B6  N804JB[] 
 []


Overfull \hbox (63.0278pt too wide) in paragraph at lines 3455--3455
[]\T1/cmtt/m/n/10.95 ## 5 5 2013     1   1      554        -6      812       -2
5      DL  N668DN[] 
 []


Overfull \hbox (63.0278pt too wide) in paragraph at lines 3456--3456
[]\T1/cmtt/m/n/10.95 ## 6 6 2013     1   1      554        -4      740        1
2      UA  N39463[] 
 []


Package xcolor Warning: Incompatible color definition on input line 3473.


Package xcolor Warning: Incompatible color definition on input line 3492.


Underfull \vbox (badness 10000) has occurred while \output is active []

 [106]

Package xcolor Warning: Incompatible color definition on input line 3507.


Package xcolor Warning: Incompatible color definition on input line 3527.

<figure/unnamed-chunk-122-1.pdf, id=1316, 505.89pt x 289.08pt>
File: figure/unnamed-chunk-122-1.pdf Graphic file (type pdf)

<use figure/unnamed-chunk-122-1.pdf>
Package pdftex.def Info: figure/unnamed-chunk-122-1.pdf used on input line 3532
.
(pdftex.def)             Requested size: 361.35002pt x 206.48772pt.


Package xcolor Warning: Incompatible color definition on input line 3545.


Underfull \vbox (badness 1158) has occurred while \output is active []

 [107 <./figure/unnamed-chunk-122-1.pdf>]
Overfull \hbox (91.31966pt too wide) in paragraph at lines 3547--3547
[][]\T1/cmtt/m/n/10.95 delaybycarrier[] []<-[] []tapply[][](nycdata[][]$[][]arr
_delay, nycdata[][]$[][]carrier, mean,[] []na.rm[] []=[] []TRUE[][])[][] 
 []


Overfull \hbox (57.36943pt too wide) in paragraph at lines 3551--3551
[]\T1/cmtt/m/n/10.95 ##          9E          AA          AS          B6        
  DL          EV 
 []


Overfull \hbox (57.36943pt too wide) in paragraph at lines 3552--3552
[]\T1/cmtt/m/n/10.95 ##  10.2074324   0.9823789   8.9677419   4.7171992  -4.404
6512  25.1601917[] 
 []


Overfull \hbox (57.36943pt too wide) in paragraph at lines 3553--3553
[]\T1/cmtt/m/n/10.95 ##          F9          FL          HA          MQ        
  OO          UA[] 
 []


Overfull \hbox (57.36943pt too wide) in paragraph at lines 3554--3554
[]\T1/cmtt/m/n/10.95 ##  21.8305085   3.3179012  27.4838710   7.8837948 107.000
0000   3.1755991[] 
 []


Package xcolor Warning: Incompatible color definition on input line 3569.


Overfull \hbox (72.26997pt too wide) in paragraph at lines 3567--3569
 [][] 
 []

<figure/unnamed-chunk-124-1.pdf, id=1329, 505.89pt x 289.08pt>
File: figure/unnamed-chunk-124-1.pdf Graphic file (type pdf)

<use figure/unnamed-chunk-124-1.pdf>
Package pdftex.def Info: figure/unnamed-chunk-124-1.pdf used on input line 3574
.
(pdftex.def)             Requested size: 361.35002pt x 206.48772pt.

Overfull \hbox (72.26997pt too wide) in paragraph at lines 3579--3580
 [][] 
 []


Package xcolor Warning: Incompatible color definition on input line 3585.


Underfull \vbox (badness 1303) has occurred while \output is active []

 [108 <./figure/unnamed-chunk-124-1.pdf>]

Package xcolor Warning: Incompatible color definition on input line 3597.


Package xcolor Warning: Incompatible color definition on input line 3607.

[109] [110

]
Overfull \hbox (9.49977pt too wide) in paragraph at lines 3645--3646
[]\T1/cmr/m/n/10.95 Instructor In-for-ma-tion: Dr. San-jeev Ku-mar, R3443, sank
um@umich.edu,
 []

[111] [112]
Overfull \hbox (3.7165pt too wide) in paragraph at lines 3684--3685
[]\T1/cmr/m/n/10.95 Course grad-ing will fol-low the usual Ross grad-ing curve 
for elec-tive courses.
 []


Overfull \hbox (14.50192pt too wide) in paragraph at lines 3721--3724
[]\T1/cmr/m/n/10.95 : Re-gres-sion Di-ag-nos-tics, In-ter-ac-tion ef-fects, Dum
my
 []

[113]
Overfull \hbox (13.11644pt too wide) in paragraph at lines 3760--3762
[]\T1/cmr/m/n/10.95 : De-ci-sion Trees, Bag-ging, Boost-ing, Ran-dom Forests
 []

[114]
Overfull \hbox (9.48888pt too wide) in paragraph at lines 3813--3814
[]\T1/cmr/m/n/10.95 The clar-i-fyR pack-age that in-cludes all course ma-te-ri-
als in-clud-ing datasets,
 []

[115] [116] [117

] [118

]
*geometry* verbose mode - [ newgeometry ] result:
* driver: pdftex
* paper: letterpaper
* layout: <same size as paper>
* layoutoffset:(h,v)=(0.0pt,0.0pt)
* modes: twoside 
* h-part:(L,W,R)=(72.26999pt, 469.75502pt, 72.26999pt)
* v-part:(T,H,B)=(72.26999pt, 650.43001pt, 72.26999pt)
* \paperwidth=614.295pt
* \paperheight=794.96999pt
* \textwidth=469.75502pt
* \textheight=650.43001pt
* \oddsidemargin=0.0pt
* \evensidemargin=0.0pt
* \topmargin=-33.4738pt
* \headheight=13.6pt
* \headsep=19.8738pt
* \topskip=11.0pt
* \footskip=27.46295pt
* \marginparwidth=111.0pt
* \marginparsep=7.22743pt
* \columnsep=10.0pt
* \skip\footins=12.0pt plus 4.0pt minus 4.0pt
* \hoffset=0.0pt
* \voffset=0.0pt
* \mag=1000
* \@twocolumnfalse
* \@twosidetrue
* \@mparswitchtrue
* \@reversemarginfalse
* (1in=72.27pt=25.4mm, 1cm=28.453pt)

 (./AABase.bbl
Underfull \hbox (badness 7649) in paragraph at lines 22--29
\T1/cmr/m/n/10.95 sor sug-gests.  []$\T1/cmtt/m/n/10.95 http : / / www . indepe
ndent . co . uk / life-[]style / gadgets-[]and-[]tech / news /
 []


Underfull \hbox (badness 10000) in paragraph at lines 22--29
\T1/cmtt/m/n/10.95 facebook-[]using-[]people-[]s-[]phones-[]to-[]listen-[]in-[]
on-[]what-[]they-[]re-[]saying-[]claims /
 []


Underfull \hbox (badness 10000) in paragraph at lines 36--43
[]\T1/cmr/m/n/10.95 Kashmir Hill.  How tar-get fig-ured out a teen girl was pre
g-nant be-fore
 []


Underfull \hbox (badness 10000) in paragraph at lines 36--43
\T1/cmr/m/n/10.95 her fa-ther did.  []$\T1/cmtt/m/n/10.95 http : / / www . forb
es . com / sites / kashmirhill / 2012 / 02 / 16 /
 []


Underfull \hbox (badness 10000) in paragraph at lines 36--43
\T1/cmtt/m/n/10.95 how-[]target-[]figured-[]out-[]a-[]teen-[]girl-[]was-[]pregn
ant-[]before-[]her-[]father-[]did/$[]\T1/cmr/m/n/10.95 , 2012.
 []

) [119


] [120

] (./AABase.ind
Underfull \hbox (badness 10000) in paragraph at lines 7--8
[]| \T1/cmr/m/n/10.95 Arith-matic Op-er-a-tor
 []


Underfull \hbox (badness 5105) in paragraph at lines 8--9
[]| \T1/cmr/m/n/10.95 Arith-matic Op-er-a-tors,
 []


Underfull \hbox (badness 10000) in paragraph at lines 9--10
[]| \T1/cmr/m/n/10.95 As-sign-ment Op-er-a-tor,
 []


Underfull \hbox (badness 10000) in paragraph at lines 72--73
[]| \T1/cmr/m/n/10.95 in-stall.packages, []xiv[],
 []

) [121

]
\tf@toc=\write6
\openout6 = `AABase.toc'.

\tf@lof=\write7
\openout7 = `AABase.lof'.

Package atveryend Info: Empty hook `BeforeClearDocument' on input line 3892.
Package atveryend Info: Empty hook `AfterLastShipout' on input line 3892.
 (./AABase.aux)
Package atveryend Info: Executing hook `AtVeryEndDocument' on input line 3892.
Package atveryend Info: Executing hook `AtEndAfterFileList' on input line 3892.

Package rerunfilecheck Info: File `AABase.out' has not changed.
(rerunfilecheck)             Checksum: 33B579ED3594595392A2D1EF54BEF9D8;15760.


LaTeX Font Warning: Some font shapes were not available, defaults substituted.

 ) 
Here is how much of TeX's memory you used:
 15441 strings out of 494437
 217492 string characters out of 6166645
 352275 words of memory out of 5000000
 18253 multiletter control sequences out of 15000+600000
 23472 words of font info for 54 fonts, out of 8000000 for 9000
 319 hyphenation exceptions out of 8191
 39i,12n,35p,1150b,531s stack positions out of 5000i,500n,10000p,200000b,80000s
 </Users/sankum/Library/texlive/2017basic/texmf-var/fonts/pk/ljfour/jknappen/
ec/ecti0800.600pk> </Users/sankum/Library/texlive/2017basic/texmf-var/fonts/pk/
ljfour/jknappen/ec/tcrm1095.600pk> </Users/sankum/Library/texlive/2017basic/tex
mf-var/fonts/pk/ljfour/jknappen/ec/ecrm1000.600pk> </Users/sankum/Library/texli
ve/2017basic/texmf-var/fonts/pk/ljfour/jknappen/ec/tcit1095.600pk> </Users/sank
um/Library/texlive/2017basic/texmf-var/fonts/pk/ljfour/jknappen/ec/tctt1095.600
pk> </Users/sankum/Library/texlive/2017basic/texmf-var/fonts/pk/ljfour/jknappen
/ec/eccc1095.600pk> </Users/sankum/Library/texlive/2017basic/texmf-var/fonts/pk
/ljfour/jknappen/ec/ecit1000.600pk> </Users/sankum/Library/texlive/2017basic/te
xmf-var/fonts/pk/ljfour/jknappen/ec/ecbx2074.600pk> </Users/sankum/Library/texl
ive/2017basic/texmf-var/fonts/pk/ljfour/jknappen/ec/ecbx1000.600pk> </Users/san
kum/Library/texlive/2017basic/texmf-var/fonts/pk/ljfour/jknappen/ec/ecit1095.60
0pk> </Users/sankum/Library/texlive/2017basic/texmf-var/fonts/pk/ljfour/jknappe
n/ec/ecrm0800.600pk> </Users/sankum/Library/texlive/2017basic/texmf-var/fonts/p
k/ljfour/jknappen/ec/ecti1095.600pk> </Users/sankum/Library/texlive/2017basic/t
exmf-var/fonts/pk/ljfour/jknappen/ec/ecbx1440.600pk> </Users/sankum/Library/tex
live/2017basic/texmf-var/fonts/pk/ljfour/jknappen/ec/ectt1000.600pk> </Users/sa
nkum/Library/texlive/2017basic/texmf-var/fonts/pk/ljfour/jknappen/ec/ecbx1200.6
00pk> </Users/sankum/Library/texlive/2017basic/texmf-var/fonts/pk/ljfour/jknapp
en/ec/ecbx1095.600pk> </Users/sankum/Library/texlive/2017basic/texmf-var/fonts/
pk/ljfour/jknappen/ec/ectt1095.600pk> </Users/sankum/Library/texlive/2017basic/
texmf-var/fonts/pk/ljfour/jknappen/ec/ecrm1095.600pk> </Users/sankum/Library/te
xlive/2017basic/texmf-var/fonts/pk/ljfour/jknappen/ec/ecrm1440.600pk> </Users/s
ankum/Library/texlive/2017basic/texmf-var/fonts/pk/ljfour/jknappen/ec/ecti1440.
600pk> </Users/sankum/Library/texlive/2017basic/texmf-var/fonts/pk/ljfour/jknap
pen/ec/ecbx2488.600pk></usr/local/texlive/2017basic/texmf-dist/fonts/type1/publ
ic/amsfonts/cm/cmex10.pfb></usr/local/texlive/2017basic/texmf-dist/fonts/type1/
public/amsfonts/cm/cmmi10.pfb></usr/local/texlive/2017basic/texmf-dist/fonts/ty
pe1/public/amsfonts/cm/cmmi6.pfb></usr/local/texlive/2017basic/texmf-dist/fonts
/type1/public/amsfonts/cm/cmmi8.pfb></usr/local/texlive/2017basic/texmf-dist/fo
nts/type1/public/amsfonts/cm/cmr10.pfb></usr/local/texlive/2017basic/texmf-dist
/fonts/type1/public/amsfonts/cm/cmr6.pfb></usr/local/texlive/2017basic/texmf-di
st/fonts/type1/public/amsfonts/cm/cmr8.pfb></usr/local/texlive/2017basic/texmf-
dist/fonts/type1/public/amsfonts/cm/cmsy10.pfb></usr/local/texlive/2017basic/te
xmf-dist/fonts/type1/public/amsfonts/cm/cmsy8.pfb>
Output written on AABase.pdf (143 pages, 4607067 bytes).
PDF statistics:
 2442 PDF objects out of 2487 (max. 8388607)
 1491 compressed objects within 15 object streams
 347 named destinations out of 1000 (max. 500000)
 842 words of extra memory for PDF output out of 10000 (max. 10000000)

